#
# There is insufficient memory for the Java Runtime Environment to continue.
# Native memory allocation (malloc) failed to allocate 329296 bytes for Chunk::new
# Possible reasons:
#   The system is out of physical RAM or swap space
#   The process is running with CompressedOops enabled, and the Java Heap may be blocking the growth of the native heap
# Possible solutions:
#   Reduce memory load on the system
#   Increase physical memory or swap space
#   Check if swap backing store is full
#   Decrease Java heap size (-Xmx/-Xms)
#   Decrease number of Java threads
#   Decrease Java thread stack sizes (-Xss)
#   Set larger code cache with -XX:ReservedCodeCacheSize=
#   JVM is running with Zero Based Compressed Oops mode in which the Java heap is
#     placed in the first 32GB address space. The Java Heap base address is the
#     maximum limit for the native heap growth. Please use -XX:HeapBaseMinAddress
#     to set the Java Heap base and to place the Java Heap above 32GB virtual address.
# This output file may be truncated or incomplete.
#
#  Out of Memory Error (./src/hotspot/share/memory/arena.cpp:196), pid=13536, tid=3592
#
# JRE version: OpenJDK Runtime Environment Zulu13.52+15-CA (13.0.13+5) (build 13.0.13+5-MTS)
# Java VM: OpenJDK 64-Bit Server VM Zulu13.52+15-CA (13.0.13+5-MTS, mixed mode, sharing, tiered, compressed oops, g1 gc, windows-amd64)
# No core dump will be written. Minidumps are not enabled by default on client versions of Windows
#

---------------  S U M M A R Y ------------

Command Line: -Dfile.encoding=windows-1252 -Duser.country=CU -Duser.language=es -Duser.variant com.platzi.market.PlatziMarketApplication

Host: Intel(R) Core(TM) i5-4210U CPU @ 1.70GHz, 4 cores, 11G,  Windows 11 , 64 bit Build 22000 (10.0.22000.1219)
Time: Tue Nov 22 01:22:02 2022 Hora estándar del Este (México) elapsed time: 1.222950 seconds (0d 0h 0m 1s)

---------------  T H R E A D  ---------------

Current thread (0x000001b0d83c1800):  JavaThread "C2 CompilerThread0" daemon [_thread_in_native, id=3592, stack(0x0000003ccbb00000,0x0000003ccbc00000)]


Current CompileTask:
C2:   1223 1245       4       sun.util.locale.BaseLocale::getInstance (186 bytes)

Stack: [0x0000003ccbb00000,0x0000003ccbc00000]
Native frames: (J=compiled Java code, j=interpreted, Vv=VM code, C=native code)
V  [jvm.dll+0x637d3a]
V  [jvm.dll+0x7e508a]
V  [jvm.dll+0x7e6743]
V  [jvm.dll+0x7e6d83]
V  [jvm.dll+0x2504b8]
V  [jvm.dll+0xc5097]
V  [jvm.dll+0xc578c]
V  [jvm.dll+0x2c3274]
V  [jvm.dll+0x5516ed]
V  [jvm.dll+0x21238a]
V  [jvm.dll+0x20c03e]
V  [jvm.dll+0x20924d]
V  [jvm.dll+0x18df0c]
V  [jvm.dll+0x21855d]
V  [jvm.dll+0x2167ab]
V  [jvm.dll+0x7a9776]
V  [jvm.dll+0x7a26da]
V  [jvm.dll+0x636b96]
C  [ucrtbase.dll+0x26c0c]
C  [KERNEL32.DLL+0x15550]
C  [ntdll.dll+0x485b]


---------------  P R O C E S S  ---------------

Threads class SMR info:
_java_thread_list=0x000001b0d8f7c2b0, length=12, elements={
0x000001b0b4a5a000, 0x000001b0d7a5e800, 0x000001b0d7a61000, 0x000001b0d83b2800,
0x000001b0d83b3800, 0x000001b0d83b4800, 0x000001b0d83c1800, 0x000001b0d83c7800,
0x000001b0d83de000, 0x000001b0d8551000, 0x000001b0d83c6800, 0x000001b0d8cb7000
}

Java Threads: ( => current thread )
  0x000001b0b4a5a000 JavaThread "main" [_thread_in_vm, id=6376, stack(0x0000003ccaf00000,0x0000003ccb000000)]
  0x000001b0d7a5e800 JavaThread "Reference Handler" daemon [_thread_blocked, id=16800, stack(0x0000003ccb600000,0x0000003ccb700000)]
  0x000001b0d7a61000 JavaThread "Finalizer" daemon [_thread_blocked, id=17528, stack(0x0000003ccb700000,0x0000003ccb800000)]
  0x000001b0d83b2800 JavaThread "Signal Dispatcher" daemon [_thread_blocked, id=18840, stack(0x0000003ccb800000,0x0000003ccb900000)]
  0x000001b0d83b3800 JavaThread "Attach Listener" daemon [_thread_blocked, id=18564, stack(0x0000003ccb900000,0x0000003ccba00000)]
  0x000001b0d83b4800 JavaThread "Service Thread" daemon [_thread_blocked, id=12392, stack(0x0000003ccba00000,0x0000003ccbb00000)]
=>0x000001b0d83c1800 JavaThread "C2 CompilerThread0" daemon [_thread_in_native, id=3592, stack(0x0000003ccbb00000,0x0000003ccbc00000)]
  0x000001b0d83c7800 JavaThread "C1 CompilerThread0" daemon [_thread_blocked, id=3760, stack(0x0000003ccbc00000,0x0000003ccbd00000)]
  0x000001b0d83de000 JavaThread "Sweeper thread" daemon [_thread_blocked, id=7604, stack(0x0000003ccbd00000,0x0000003ccbe00000)]
  0x000001b0d8551000 JavaThread "Common-Cleaner" daemon [_thread_blocked, id=18504, stack(0x0000003ccbf00000,0x0000003ccc000000)]
  0x000001b0d83c6800 JavaThread "C2 CompilerThread1" daemon [_thread_in_native, id=14564, stack(0x0000003ccc000000,0x0000003ccc100000)]
  0x000001b0d8cb7000 JavaThread "background-preinit" [_thread_in_vm, id=10284, stack(0x0000003ccc100000,0x0000003ccc200000)]

Other Threads:
  0x000001b0d7a5b000 VMThread "VM Thread" [stack: 0x0000003ccb500000,0x0000003ccb600000] [id=19260]
  0x000001b0d8544000 WatcherThread [stack: 0x0000003ccbe00000,0x0000003ccbf00000] [id=2636]
  0x000001b0b6bde800 GCTaskThread "GC Thread#0" [stack: 0x0000003ccb000000,0x0000003ccb100000] [id=17648]
  0x000001b0d91d2800 GCTaskThread "GC Thread#1" [stack: 0x0000003ccc200000,0x0000003ccc300000] [id=1236]
  0x000001b0d8c80000 GCTaskThread "GC Thread#2" [stack: 0x0000003ccc300000,0x0000003ccc400000] [id=18612]
  0x000001b0d8c80800 GCTaskThread "GC Thread#3" [stack: 0x0000003ccc400000,0x0000003ccc500000] [id=264]
  0x000001b0b6bf8000 ConcurrentGCThread "G1 Main Marker" [stack: 0x0000003ccb100000,0x0000003ccb200000] [id=17616]
  0x000001b0b6bfa000 ConcurrentGCThread "G1 Conc#0" [stack: 0x0000003ccb200000,0x0000003ccb300000] [id=16712]
  0x000001b0d78d4800 ConcurrentGCThread "G1 Refine#0" [stack: 0x0000003ccb300000,0x0000003ccb400000] [id=16652]
  0x000001b0d8665800 ConcurrentGCThread "G1 Refine#1" [stack: 0x0000003ccc500000,0x0000003ccc600000] [id=15352]
  0x000001b0d78d8000 ConcurrentGCThread "G1 Young RemSet Sampling" [stack: 0x0000003ccb400000,0x0000003ccb500000] [id=11856]

Threads with active compile tasks:
C2 CompilerThread0     1250 1245       4       sun.util.locale.BaseLocale::getInstance (186 bytes)
C2 CompilerThread1     1250 1282       4       java.util.concurrent.ConcurrentHashMap::addCount (280 bytes)

VM state:not at safepoint (normal execution)

VM Mutex/Monitor currently owned by a thread: None

Heap address: 0x0000000741000000, size: 3056 MB, Compressed Oops mode: Zero based, Oop shift amount: 3
Narrow klass base: 0x0000000800000000, Narrow klass shift: 3
Compressed class space size: 1073741824 Address: 0x0000000800b10000

Heap:
 garbage-first heap   total 196608K, used 4654K [0x0000000741000000, 0x0000000800000000)
  region size 1024K, 2 young (2048K), 1 survivors (1024K)
 Metaspace       used 8456K, capacity 9950K, committed 10112K, reserved 1067008K
  class space    used 947K, capacity 1145K, committed 1152K, reserved 1048576K
Heap Regions: E=young(eden), S=young(survivor), O=old, HS=humongous(starts), HC=humongous(continues), CS=collection set, F=free, A=archive, TAMS=top-at-mark-start (previous, next)
|   0|0x0000000741000000, 0x0000000741100000, 0x0000000741100000|100%| O|  |TAMS 0x0000000741000000, 0x0000000741100000| Untracked 
|   1|0x0000000741100000, 0x0000000741200000, 0x0000000741200000|100%| O|  |TAMS 0x0000000741100000, 0x0000000741200000| Untracked 
|   2|0x0000000741200000, 0x0000000741300000, 0x0000000741300000|100%| O|  |TAMS 0x0000000741200000, 0x0000000741300000| Untracked 
|   3|0x0000000741300000, 0x000000074138c200, 0x0000000741400000| 54%| O|  |TAMS 0x0000000741300000, 0x000000074138c200| Untracked 
|   4|0x0000000741400000, 0x0000000741400000, 0x0000000741500000|  0%| F|  |TAMS 0x0000000741400000, 0x0000000741400000| Untracked 
|   5|0x0000000741500000, 0x0000000741500000, 0x0000000741600000|  0%| F|  |TAMS 0x0000000741500000, 0x0000000741500000| Untracked 
|   6|0x0000000741600000, 0x0000000741600000, 0x0000000741700000|  0%| F|  |TAMS 0x0000000741600000, 0x0000000741600000| Untracked 
|   7|0x0000000741700000, 0x0000000741700000, 0x0000000741800000|  0%| F|  |TAMS 0x0000000741700000, 0x0000000741700000| Untracked 
|   8|0x0000000741800000, 0x0000000741800000, 0x0000000741900000|  0%| F|  |TAMS 0x0000000741800000, 0x0000000741800000| Untracked 
|   9|0x0000000741900000, 0x0000000741900000, 0x0000000741a00000|  0%| F|  |TAMS 0x0000000741900000, 0x0000000741900000| Untracked 
|  10|0x0000000741a00000, 0x0000000741a00000, 0x0000000741b00000|  0%| F|  |TAMS 0x0000000741a00000, 0x0000000741a00000| Untracked 
|  11|0x0000000741b00000, 0x0000000741b00000, 0x0000000741c00000|  0%| F|  |TAMS 0x0000000741b00000, 0x0000000741b00000| Untracked 
|  12|0x0000000741c00000, 0x0000000741c00000, 0x0000000741d00000|  0%| F|  |TAMS 0x0000000741c00000, 0x0000000741c00000| Untracked 
|  13|0x0000000741d00000, 0x0000000741d00000, 0x0000000741e00000|  0%| F|  |TAMS 0x0000000741d00000, 0x0000000741d00000| Untracked 
|  14|0x0000000741e00000, 0x0000000741e00000, 0x0000000741f00000|  0%| F|  |TAMS 0x0000000741e00000, 0x0000000741e00000| Untracked 
|  15|0x0000000741f00000, 0x0000000741f00000, 0x0000000742000000|  0%| F|  |TAMS 0x0000000741f00000, 0x0000000741f00000| Untracked 
|  16|0x0000000742000000, 0x0000000742000000, 0x0000000742100000|  0%| F|  |TAMS 0x0000000742000000, 0x0000000742000000| Untracked 
|  17|0x0000000742100000, 0x0000000742100000, 0x0000000742200000|  0%| F|  |TAMS 0x0000000742100000, 0x0000000742100000| Untracked 
|  18|0x0000000742200000, 0x0000000742200000, 0x0000000742300000|  0%| F|  |TAMS 0x0000000742200000, 0x0000000742200000| Untracked 
|  19|0x0000000742300000, 0x0000000742300000, 0x0000000742400000|  0%| F|  |TAMS 0x0000000742300000, 0x0000000742300000| Untracked 
|  20|0x0000000742400000, 0x0000000742400000, 0x0000000742500000|  0%| F|  |TAMS 0x0000000742400000, 0x0000000742400000| Untracked 
|  21|0x0000000742500000, 0x0000000742500000, 0x0000000742600000|  0%| F|  |TAMS 0x0000000742500000, 0x0000000742500000| Untracked 
|  22|0x0000000742600000, 0x0000000742600000, 0x0000000742700000|  0%| F|  |TAMS 0x0000000742600000, 0x0000000742600000| Untracked 
|  23|0x0000000742700000, 0x0000000742700000, 0x0000000742800000|  0%| F|  |TAMS 0x0000000742700000, 0x0000000742700000| Untracked 
|  24|0x0000000742800000, 0x0000000742800000, 0x0000000742900000|  0%| F|  |TAMS 0x0000000742800000, 0x0000000742800000| Untracked 
|  25|0x0000000742900000, 0x0000000742900000, 0x0000000742a00000|  0%| F|  |TAMS 0x0000000742900000, 0x0000000742900000| Untracked 
|  26|0x0000000742a00000, 0x0000000742a00000, 0x0000000742b00000|  0%| F|  |TAMS 0x0000000742a00000, 0x0000000742a00000| Untracked 
|  27|0x0000000742b00000, 0x0000000742b00000, 0x0000000742c00000|  0%| F|  |TAMS 0x0000000742b00000, 0x0000000742b00000| Untracked 
|  28|0x0000000742c00000, 0x0000000742c00000, 0x0000000742d00000|  0%| F|  |TAMS 0x0000000742c00000, 0x0000000742c00000| Untracked 
|  29|0x0000000742d00000, 0x0000000742d00000, 0x0000000742e00000|  0%| F|  |TAMS 0x0000000742d00000, 0x0000000742d00000| Untracked 
|  30|0x0000000742e00000, 0x0000000742e00000, 0x0000000742f00000|  0%| F|  |TAMS 0x0000000742e00000, 0x0000000742e00000| Untracked 
|  31|0x0000000742f00000, 0x0000000742f00000, 0x0000000743000000|  0%| F|  |TAMS 0x0000000742f00000, 0x0000000742f00000| Untracked 
|  32|0x0000000743000000, 0x0000000743000000, 0x0000000743100000|  0%| F|  |TAMS 0x0000000743000000, 0x0000000743000000| Untracked 
|  33|0x0000000743100000, 0x0000000743100000, 0x0000000743200000|  0%| F|  |TAMS 0x0000000743100000, 0x0000000743100000| Untracked 
|  34|0x0000000743200000, 0x0000000743200000, 0x0000000743300000|  0%| F|  |TAMS 0x0000000743200000, 0x0000000743200000| Untracked 
|  35|0x0000000743300000, 0x0000000743300000, 0x0000000743400000|  0%| F|  |TAMS 0x0000000743300000, 0x0000000743300000| Untracked 
|  36|0x0000000743400000, 0x0000000743400000, 0x0000000743500000|  0%| F|  |TAMS 0x0000000743400000, 0x0000000743400000| Untracked 
|  37|0x0000000743500000, 0x0000000743500000, 0x0000000743600000|  0%| F|  |TAMS 0x0000000743500000, 0x0000000743500000| Untracked 
|  38|0x0000000743600000, 0x0000000743600000, 0x0000000743700000|  0%| F|  |TAMS 0x0000000743600000, 0x0000000743600000| Untracked 
|  39|0x0000000743700000, 0x0000000743700000, 0x0000000743800000|  0%| F|  |TAMS 0x0000000743700000, 0x0000000743700000| Untracked 
|  40|0x0000000743800000, 0x0000000743800000, 0x0000000743900000|  0%| F|  |TAMS 0x0000000743800000, 0x0000000743800000| Untracked 
|  41|0x0000000743900000, 0x0000000743900000, 0x0000000743a00000|  0%| F|  |TAMS 0x0000000743900000, 0x0000000743900000| Untracked 
|  42|0x0000000743a00000, 0x0000000743a00000, 0x0000000743b00000|  0%| F|  |TAMS 0x0000000743a00000, 0x0000000743a00000| Untracked 
|  43|0x0000000743b00000, 0x0000000743b00000, 0x0000000743c00000|  0%| F|  |TAMS 0x0000000743b00000, 0x0000000743b00000| Untracked 
|  44|0x0000000743c00000, 0x0000000743c00000, 0x0000000743d00000|  0%| F|  |TAMS 0x0000000743c00000, 0x0000000743c00000| Untracked 
|  45|0x0000000743d00000, 0x0000000743d00000, 0x0000000743e00000|  0%| F|  |TAMS 0x0000000743d00000, 0x0000000743d00000| Untracked 
|  46|0x0000000743e00000, 0x0000000743e00000, 0x0000000743f00000|  0%| F|  |TAMS 0x0000000743e00000, 0x0000000743e00000| Untracked 
|  47|0x0000000743f00000, 0x0000000743f00000, 0x0000000744000000|  0%| F|  |TAMS 0x0000000743f00000, 0x0000000743f00000| Untracked 
|  48|0x0000000744000000, 0x0000000744000000, 0x0000000744100000|  0%| F|  |TAMS 0x0000000744000000, 0x0000000744000000| Untracked 
|  49|0x0000000744100000, 0x0000000744100000, 0x0000000744200000|  0%| F|  |TAMS 0x0000000744100000, 0x0000000744100000| Untracked 
|  50|0x0000000744200000, 0x0000000744200000, 0x0000000744300000|  0%| F|  |TAMS 0x0000000744200000, 0x0000000744200000| Untracked 
|  51|0x0000000744300000, 0x0000000744300000, 0x0000000744400000|  0%| F|  |TAMS 0x0000000744300000, 0x0000000744300000| Untracked 
|  52|0x0000000744400000, 0x0000000744400000, 0x0000000744500000|  0%| F|  |TAMS 0x0000000744400000, 0x0000000744400000| Untracked 
|  53|0x0000000744500000, 0x0000000744500000, 0x0000000744600000|  0%| F|  |TAMS 0x0000000744500000, 0x0000000744500000| Untracked 
|  54|0x0000000744600000, 0x0000000744600000, 0x0000000744700000|  0%| F|  |TAMS 0x0000000744600000, 0x0000000744600000| Untracked 
|  55|0x0000000744700000, 0x0000000744700000, 0x0000000744800000|  0%| F|  |TAMS 0x0000000744700000, 0x0000000744700000| Untracked 
|  56|0x0000000744800000, 0x0000000744800000, 0x0000000744900000|  0%| F|  |TAMS 0x0000000744800000, 0x0000000744800000| Untracked 
|  57|0x0000000744900000, 0x0000000744900000, 0x0000000744a00000|  0%| F|  |TAMS 0x0000000744900000, 0x0000000744900000| Untracked 
|  58|0x0000000744a00000, 0x0000000744a00000, 0x0000000744b00000|  0%| F|  |TAMS 0x0000000744a00000, 0x0000000744a00000| Untracked 
|  59|0x0000000744b00000, 0x0000000744b00000, 0x0000000744c00000|  0%| F|  |TAMS 0x0000000744b00000, 0x0000000744b00000| Untracked 
|  60|0x0000000744c00000, 0x0000000744c00000, 0x0000000744d00000|  0%| F|  |TAMS 0x0000000744c00000, 0x0000000744c00000| Untracked 
|  61|0x0000000744d00000, 0x0000000744d00000, 0x0000000744e00000|  0%| F|  |TAMS 0x0000000744d00000, 0x0000000744d00000| Untracked 
|  62|0x0000000744e00000, 0x0000000744e00000, 0x0000000744f00000|  0%| F|  |TAMS 0x0000000744e00000, 0x0000000744e00000| Untracked 
|  63|0x0000000744f00000, 0x0000000744f00000, 0x0000000745000000|  0%| F|  |TAMS 0x0000000744f00000, 0x0000000744f00000| Untracked 
|  64|0x0000000745000000, 0x0000000745000000, 0x0000000745100000|  0%| F|  |TAMS 0x0000000745000000, 0x0000000745000000| Untracked 
|  65|0x0000000745100000, 0x0000000745100000, 0x0000000745200000|  0%| F|  |TAMS 0x0000000745100000, 0x0000000745100000| Untracked 
|  66|0x0000000745200000, 0x0000000745200000, 0x0000000745300000|  0%| F|  |TAMS 0x0000000745200000, 0x0000000745200000| Untracked 
|  67|0x0000000745300000, 0x0000000745300000, 0x0000000745400000|  0%| F|  |TAMS 0x0000000745300000, 0x0000000745300000| Untracked 
|  68|0x0000000745400000, 0x0000000745400000, 0x0000000745500000|  0%| F|  |TAMS 0x0000000745400000, 0x0000000745400000| Untracked 
|  69|0x0000000745500000, 0x0000000745500000, 0x0000000745600000|  0%| F|  |TAMS 0x0000000745500000, 0x0000000745500000| Untracked 
|  70|0x0000000745600000, 0x0000000745600000, 0x0000000745700000|  0%| F|  |TAMS 0x0000000745600000, 0x0000000745600000| Untracked 
|  71|0x0000000745700000, 0x0000000745700000, 0x0000000745800000|  0%| F|  |TAMS 0x0000000745700000, 0x0000000745700000| Untracked 
|  72|0x0000000745800000, 0x0000000745800000, 0x0000000745900000|  0%| F|  |TAMS 0x0000000745800000, 0x0000000745800000| Untracked 
|  73|0x0000000745900000, 0x0000000745900000, 0x0000000745a00000|  0%| F|  |TAMS 0x0000000745900000, 0x0000000745900000| Untracked 
|  74|0x0000000745a00000, 0x0000000745a00000, 0x0000000745b00000|  0%| F|  |TAMS 0x0000000745a00000, 0x0000000745a00000| Untracked 
|  75|0x0000000745b00000, 0x0000000745b00000, 0x0000000745c00000|  0%| F|  |TAMS 0x0000000745b00000, 0x0000000745b00000| Untracked 
|  76|0x0000000745c00000, 0x0000000745c00000, 0x0000000745d00000|  0%| F|  |TAMS 0x0000000745c00000, 0x0000000745c00000| Untracked 
|  77|0x0000000745d00000, 0x0000000745d00000, 0x0000000745e00000|  0%| F|  |TAMS 0x0000000745d00000, 0x0000000745d00000| Untracked 
|  78|0x0000000745e00000, 0x0000000745e00000, 0x0000000745f00000|  0%| F|  |TAMS 0x0000000745e00000, 0x0000000745e00000| Untracked 
|  79|0x0000000745f00000, 0x0000000745f00000, 0x0000000746000000|  0%| F|  |TAMS 0x0000000745f00000, 0x0000000745f00000| Untracked 
|  80|0x0000000746000000, 0x0000000746000000, 0x0000000746100000|  0%| F|  |TAMS 0x0000000746000000, 0x0000000746000000| Untracked 
|  81|0x0000000746100000, 0x0000000746100000, 0x0000000746200000|  0%| F|  |TAMS 0x0000000746100000, 0x0000000746100000| Untracked 
|  82|0x0000000746200000, 0x0000000746200000, 0x0000000746300000|  0%| F|  |TAMS 0x0000000746200000, 0x0000000746200000| Untracked 
|  83|0x0000000746300000, 0x0000000746300000, 0x0000000746400000|  0%| F|  |TAMS 0x0000000746300000, 0x0000000746300000| Untracked 
|  84|0x0000000746400000, 0x0000000746400000, 0x0000000746500000|  0%| F|  |TAMS 0x0000000746400000, 0x0000000746400000| Untracked 
|  85|0x0000000746500000, 0x0000000746500000, 0x0000000746600000|  0%| F|  |TAMS 0x0000000746500000, 0x0000000746500000| Untracked 
|  86|0x0000000746600000, 0x0000000746600000, 0x0000000746700000|  0%| F|  |TAMS 0x0000000746600000, 0x0000000746600000| Untracked 
|  87|0x0000000746700000, 0x0000000746700000, 0x0000000746800000|  0%| F|  |TAMS 0x0000000746700000, 0x0000000746700000| Untracked 
|  88|0x0000000746800000, 0x0000000746800000, 0x0000000746900000|  0%| F|  |TAMS 0x0000000746800000, 0x0000000746800000| Untracked 
|  89|0x0000000746900000, 0x0000000746900000, 0x0000000746a00000|  0%| F|  |TAMS 0x0000000746900000, 0x0000000746900000| Untracked 
|  90|0x0000000746a00000, 0x0000000746a00000, 0x0000000746b00000|  0%| F|  |TAMS 0x0000000746a00000, 0x0000000746a00000| Untracked 
|  91|0x0000000746b00000, 0x0000000746b00000, 0x0000000746c00000|  0%| F|  |TAMS 0x0000000746b00000, 0x0000000746b00000| Untracked 
|  92|0x0000000746c00000, 0x0000000746c00000, 0x0000000746d00000|  0%| F|  |TAMS 0x0000000746c00000, 0x0000000746c00000| Untracked 
|  93|0x0000000746d00000, 0x0000000746d00000, 0x0000000746e00000|  0%| F|  |TAMS 0x0000000746d00000, 0x0000000746d00000| Untracked 
|  94|0x0000000746e00000, 0x0000000746e00000, 0x0000000746f00000|  0%| F|  |TAMS 0x0000000746e00000, 0x0000000746e00000| Untracked 
|  95|0x0000000746f00000, 0x0000000746f00000, 0x0000000747000000|  0%| F|  |TAMS 0x0000000746f00000, 0x0000000746f00000| Untracked 
|  96|0x0000000747000000, 0x0000000747000000, 0x0000000747100000|  0%| F|  |TAMS 0x0000000747000000, 0x0000000747000000| Untracked 
|  97|0x0000000747100000, 0x0000000747100000, 0x0000000747200000|  0%| F|  |TAMS 0x0000000747100000, 0x0000000747100000| Untracked 
|  98|0x0000000747200000, 0x0000000747200000, 0x0000000747300000|  0%| F|  |TAMS 0x0000000747200000, 0x0000000747200000| Untracked 
|  99|0x0000000747300000, 0x0000000747300000, 0x0000000747400000|  0%| F|  |TAMS 0x0000000747300000, 0x0000000747300000| Untracked 
| 100|0x0000000747400000, 0x0000000747400000, 0x0000000747500000|  0%| F|  |TAMS 0x0000000747400000, 0x0000000747400000| Untracked 
| 101|0x0000000747500000, 0x0000000747500000, 0x0000000747600000|  0%| F|  |TAMS 0x0000000747500000, 0x0000000747500000| Untracked 
| 102|0x0000000747600000, 0x0000000747600000, 0x0000000747700000|  0%| F|  |TAMS 0x0000000747600000, 0x0000000747600000| Untracked 
| 103|0x0000000747700000, 0x0000000747700000, 0x0000000747800000|  0%| F|  |TAMS 0x0000000747700000, 0x0000000747700000| Untracked 
| 104|0x0000000747800000, 0x0000000747800000, 0x0000000747900000|  0%| F|  |TAMS 0x0000000747800000, 0x0000000747800000| Untracked 
| 105|0x0000000747900000, 0x0000000747900000, 0x0000000747a00000|  0%| F|  |TAMS 0x0000000747900000, 0x0000000747900000| Untracked 
| 106|0x0000000747a00000, 0x0000000747a00000, 0x0000000747b00000|  0%| F|  |TAMS 0x0000000747a00000, 0x0000000747a00000| Untracked 
| 107|0x0000000747b00000, 0x0000000747b00000, 0x0000000747c00000|  0%| F|  |TAMS 0x0000000747b00000, 0x0000000747b00000| Untracked 
| 108|0x0000000747c00000, 0x0000000747c00000, 0x0000000747d00000|  0%| F|  |TAMS 0x0000000747c00000, 0x0000000747c00000| Untracked 
| 109|0x0000000747d00000, 0x0000000747d00000, 0x0000000747e00000|  0%| F|  |TAMS 0x0000000747d00000, 0x0000000747d00000| Untracked 
| 110|0x0000000747e00000, 0x0000000747e00000, 0x0000000747f00000|  0%| F|  |TAMS 0x0000000747e00000, 0x0000000747e00000| Untracked 
| 111|0x0000000747f00000, 0x0000000747f00000, 0x0000000748000000|  0%| F|  |TAMS 0x0000000747f00000, 0x0000000747f00000| Untracked 
| 112|0x0000000748000000, 0x0000000748000000, 0x0000000748100000|  0%| F|  |TAMS 0x0000000748000000, 0x0000000748000000| Untracked 
| 113|0x0000000748100000, 0x0000000748100000, 0x0000000748200000|  0%| F|  |TAMS 0x0000000748100000, 0x0000000748100000| Untracked 
| 114|0x0000000748200000, 0x0000000748200000, 0x0000000748300000|  0%| F|  |TAMS 0x0000000748200000, 0x0000000748200000| Untracked 
| 115|0x0000000748300000, 0x0000000748300000, 0x0000000748400000|  0%| F|  |TAMS 0x0000000748300000, 0x0000000748300000| Untracked 
| 116|0x0000000748400000, 0x0000000748400000, 0x0000000748500000|  0%| F|  |TAMS 0x0000000748400000, 0x0000000748400000| Untracked 
| 117|0x0000000748500000, 0x0000000748500000, 0x0000000748600000|  0%| F|  |TAMS 0x0000000748500000, 0x0000000748500000| Untracked 
| 118|0x0000000748600000, 0x0000000748600000, 0x0000000748700000|  0%| F|  |TAMS 0x0000000748600000, 0x0000000748600000| Untracked 
| 119|0x0000000748700000, 0x0000000748700000, 0x0000000748800000|  0%| F|  |TAMS 0x0000000748700000, 0x0000000748700000| Untracked 
| 120|0x0000000748800000, 0x0000000748800000, 0x0000000748900000|  0%| F|  |TAMS 0x0000000748800000, 0x0000000748800000| Untracked 
| 121|0x0000000748900000, 0x0000000748900000, 0x0000000748a00000|  0%| F|  |TAMS 0x0000000748900000, 0x0000000748900000| Untracked 
| 122|0x0000000748a00000, 0x0000000748a00000, 0x0000000748b00000|  0%| F|  |TAMS 0x0000000748a00000, 0x0000000748a00000| Untracked 
| 123|0x0000000748b00000, 0x0000000748b00000, 0x0000000748c00000|  0%| F|  |TAMS 0x0000000748b00000, 0x0000000748b00000| Untracked 
| 124|0x0000000748c00000, 0x0000000748c00000, 0x0000000748d00000|  0%| F|  |TAMS 0x0000000748c00000, 0x0000000748c00000| Untracked 
| 125|0x0000000748d00000, 0x0000000748d00000, 0x0000000748e00000|  0%| F|  |TAMS 0x0000000748d00000, 0x0000000748d00000| Untracked 
| 126|0x0000000748e00000, 0x0000000748e00000, 0x0000000748f00000|  0%| F|  |TAMS 0x0000000748e00000, 0x0000000748e00000| Untracked 
| 127|0x0000000748f00000, 0x0000000748f00000, 0x0000000749000000|  0%| F|  |TAMS 0x0000000748f00000, 0x0000000748f00000| Untracked 
| 128|0x0000000749000000, 0x0000000749000000, 0x0000000749100000|  0%| F|  |TAMS 0x0000000749000000, 0x0000000749000000| Untracked 
| 129|0x0000000749100000, 0x0000000749100000, 0x0000000749200000|  0%| F|  |TAMS 0x0000000749100000, 0x0000000749100000| Untracked 
| 130|0x0000000749200000, 0x0000000749200000, 0x0000000749300000|  0%| F|  |TAMS 0x0000000749200000, 0x0000000749200000| Untracked 
| 131|0x0000000749300000, 0x0000000749300000, 0x0000000749400000|  0%| F|  |TAMS 0x0000000749300000, 0x0000000749300000| Untracked 
| 132|0x0000000749400000, 0x0000000749400000, 0x0000000749500000|  0%| F|  |TAMS 0x0000000749400000, 0x0000000749400000| Untracked 
| 133|0x0000000749500000, 0x0000000749500000, 0x0000000749600000|  0%| F|  |TAMS 0x0000000749500000, 0x0000000749500000| Untracked 
| 179|0x000000074c300000, 0x000000074c3ff760, 0x000000074c400000| 99%| S|CS|TAMS 0x000000074c300000, 0x000000074c300000| Complete 
| 191|0x000000074cf00000, 0x000000074d000000, 0x000000074d000000|100%| E|  |TAMS 0x000000074cf00000, 0x000000074cf00000| Complete 

Card table byte_map: [0x000001b0ce9c0000,0x000001b0cefc0000] _byte_map_base: 0x000001b0cafb8000

Marking Bits (Prev, Next): (CMBitMap*) 0x000001b0b6bdf4a8, (CMBitMap*) 0x000001b0b6bdf468
 Prev Bits: [0x000001b0d2580000, 0x000001b0d5540000)
 Next Bits: [0x000001b0cf5c0000, 0x000001b0d2580000)

Polling page: 0x000001b0b4ba0000

Metaspace:

Usage:
  Non-class:      8.60 MB capacity,     7.36 MB ( 86%) used,     1.22 MB ( 14%) free+waste,    26.19 KB ( <1%) overhead. 
      Class:      1.12 MB capacity,   949.45 KB ( 83%) used,   182.18 KB ( 16%) free+waste,    14.38 KB (  1%) overhead. 
       Both:      9.72 MB capacity,     8.28 MB ( 85%) used,     1.40 MB ( 14%) free+waste,    40.56 KB ( <1%) overhead. 

Virtual space:
  Non-class space:       18.00 MB reserved,       8.75 MB ( 49%) committed 
      Class space:        1.00 GB reserved,       1.13 MB ( <1%) committed 
             Both:        1.02 GB reserved,       9.88 MB ( <1%) committed 

Chunk freelists:
   Non-Class:  25.00 KB
       Class:  6.00 KB
        Both:  31.00 KB

MaxMetaspaceSize: 17179869184.00 GB
CompressedClassSpaceSize: 1.00 GB

CodeHeap 'non-profiled nmethods': size=120000Kb used=438Kb max_used=438Kb free=119561Kb
 bounds [0x000001b0c6e90000, 0x000001b0c7100000, 0x000001b0ce3c0000]
CodeHeap 'profiled nmethods': size=120000Kb used=2297Kb max_used=2297Kb free=117702Kb
 bounds [0x000001b0bf960000, 0x000001b0bfbd0000, 0x000001b0c6e90000]
CodeHeap 'non-nmethods': size=5760Kb used=1185Kb max_used=1223Kb free=4574Kb
 bounds [0x000001b0bf3c0000, 0x000001b0bf630000, 0x000001b0bf960000]
 total_blobs=1620 nmethods=1177 adapters=356
 compilation: enabled
              stopped_count=0, restarted_count=0
 full_count=0

Compilation events (20 events):
Event: 1.203 Thread 0x000001b0d83c7800 1256       3       java.util.ArrayDeque::isEmpty (17 bytes)
Event: 1.203 Thread 0x000001b0d83c7800 nmethod 1256 0x000001b0bfb89690 code [0x000001b0bfb89820, 0x000001b0bfb89998]
Event: 1.206 Thread 0x000001b0d83c7800 1257       1       java.util.Collections$EmptyIterator::hasNext (2 bytes)
Event: 1.206 Thread 0x000001b0d83c7800 nmethod 1257 0x000001b0c6efbf90 code [0x000001b0c6efc120, 0x000001b0c6efc1f8]
Event: 1.208 Thread 0x000001b0d83c7800 1258       3       java.util.ImmutableCollections$Set12::contains (28 bytes)
Event: 1.208 Thread 0x000001b0d83c7800 nmethod 1258 0x000001b0bfb89a10 code [0x000001b0bfb89bc0, 0x000001b0bfb89f38]
Event: 1.210 Thread 0x000001b0d83c7800 1259       3       java.util.concurrent.ConcurrentHashMap::put (8 bytes)
Event: 1.210 Thread 0x000001b0d83c7800 nmethod 1259 0x000001b0bfb8a010 code [0x000001b0bfb8a1c0, 0x000001b0bfb8a308]
Event: 1.211 Thread 0x000001b0d83c7800 1260       3       jdk.internal.org.objectweb.asm.MethodWriter::visitMaxs (60 bytes)
Event: 1.211 Thread 0x000001b0d83c7800 nmethod 1260 0x000001b0bfb8a390 code [0x000001b0bfb8a560, 0x000001b0bfb8a7f8]
Event: 1.211 Thread 0x000001b0d83c7800 1261       3       jdk.internal.org.objectweb.asm.MethodWriter::visitEnd (1 bytes)
Event: 1.212 Thread 0x000001b0d83c7800 nmethod 1261 0x000001b0bfb8a890 code [0x000001b0bfb8aa20, 0x000001b0bfb8ab38]
Event: 1.212 Thread 0x000001b0d83c7800 1262       3       jdk.internal.org.objectweb.asm.MethodWriter::computeMethodInfoSize (704 bytes)
Event: 1.214 Thread 0x000001b0d83c7800 nmethod 1262 0x000001b0bfb8ac10 code [0x000001b0bfb8afa0, 0x000001b0bfb8c398]
Event: 1.214 Thread 0x000001b0d83c7800 1263       3       jdk.internal.org.objectweb.asm.MethodWriter::hasFrames (13 bytes)
Event: 1.215 Thread 0x000001b0d83c7800 nmethod 1263 0x000001b0bfb8cb90 code [0x000001b0bfb8cd20, 0x000001b0bfb8ce98]
Event: 1.215 Thread 0x000001b0d83c7800 1264       3       jdk.internal.org.objectweb.asm.MethodWriter::putMethodInfo (1431 bytes)
Event: 1.215 Thread 0x000001b0d83c6800 1265       4       java.lang.String::checkBoundsOffCount (64 bytes)
Event: 1.216 Thread 0x000001b0d83c6800 nmethod 1265 0x000001b0c6efc290 code [0x000001b0c6efc400, 0x000001b0c6efc498]
Event: 1.220 Thread 0x000001b0d83c7800 nmethod 1264 0x000001b0bfb8cf10 code [0x000001b0bfb8d6e0, 0x000001b0bfb90568]

GC Heap History (4 events):
Event: 0.782 GC heap before
{Heap before GC invocations=0 (full 0):
 garbage-first heap   total 196608K, used 14336K [0x0000000741000000, 0x0000000800000000)
  region size 1024K, 14 young (14336K), 0 survivors (0K)
 Metaspace       used 3903K, capacity 6538K, committed 6656K, reserved 1056768K
  class space    used 424K, capacity 676K, committed 768K, reserved 1048576K
}
Event: 0.791 GC heap after
{Heap after GC invocations=1 (full 0):
 garbage-first heap   total 196608K, used 3602K [0x0000000741000000, 0x0000000800000000)
  region size 1024K, 2 young (2048K), 2 survivors (2048K)
 Metaspace       used 3903K, capacity 6538K, committed 6656K, reserved 1056768K
  class space    used 424K, capacity 676K, committed 768K, reserved 1048576K
}
Event: 1.015 GC heap before
{Heap before GC invocations=1 (full 0):
 garbage-first heap   total 196608K, used 10770K [0x0000000741000000, 0x0000000800000000)
  region size 1024K, 9 young (9216K), 2 survivors (2048K)
 Metaspace       used 5534K, capacity 7619K, committed 7808K, reserved 1056768K
  class space    used 630K, capacity 848K, committed 896K, reserved 1048576K
}
Event: 1.019 GC heap after
{Heap after GC invocations=2 (full 0):
 garbage-first heap   total 196608K, used 4213K [0x0000000741000000, 0x0000000800000000)
  region size 1024K, 1 young (1024K), 1 survivors (1024K)
 Metaspace       used 5534K, capacity 7619K, committed 7808K, reserved 1056768K
  class space    used 630K, capacity 848K, committed 896K, reserved 1048576K
}

Deoptimization events (20 events):
Event: 1.095 Thread 0x000001b0b4a5a000 Uncommon trap: trap_request=0xffffffc6 fr.pc=0x000001b0c6ed5240 relative=0x00000000000005e0
Event: 1.095 Thread 0x000001b0b4a5a000 Uncommon trap: reason=bimorphic_or_optimized_type_check action=maybe_recompile pc=0x000001b0c6ed5240 method=java.util.concurrent.ConcurrentHashMap.get(Ljava/lang/Object;)Ljava/lang/Object; @ 149 c2
Event: 1.095 Thread 0x000001b0b4a5a000 DEOPT PACKING pc=0x000001b0c6ed5240 sp=0x0000003ccaffd6c0
Event: 1.095 Thread 0x000001b0b4a5a000 DEOPT UNPACKING pc=0x000001b0bf40912f sp=0x0000003ccaffd660 mode 2
Event: 1.168 Thread 0x000001b0d8cb7000 Uncommon trap: trap_request=0xffffffc6 fr.pc=0x000001b0c6ed5240 relative=0x00000000000005e0
Event: 1.168 Thread 0x000001b0d8cb7000 Uncommon trap: reason=bimorphic_or_optimized_type_check action=maybe_recompile pc=0x000001b0c6ed5240 method=java.util.concurrent.ConcurrentHashMap.get(Ljava/lang/Object;)Ljava/lang/Object; @ 149 c2
Event: 1.168 Thread 0x000001b0d8cb7000 DEOPT PACKING pc=0x000001b0c6ed5240 sp=0x0000003ccc1fd5f0
Event: 1.168 Thread 0x000001b0d8cb7000 DEOPT UNPACKING pc=0x000001b0bf40912f sp=0x0000003ccc1fd590 mode 2
Event: 1.168 Thread 0x000001b0d8cb7000 Uncommon trap: trap_request=0xffffffc6 fr.pc=0x000001b0c6ed5240 relative=0x00000000000005e0
Event: 1.168 Thread 0x000001b0d8cb7000 Uncommon trap: reason=bimorphic_or_optimized_type_check action=maybe_recompile pc=0x000001b0c6ed5240 method=java.util.concurrent.ConcurrentHashMap.get(Ljava/lang/Object;)Ljava/lang/Object; @ 149 c2
Event: 1.168 Thread 0x000001b0d8cb7000 DEOPT PACKING pc=0x000001b0c6ed5240 sp=0x0000003ccc1fd5f0
Event: 1.168 Thread 0x000001b0d8cb7000 DEOPT UNPACKING pc=0x000001b0bf40912f sp=0x0000003ccc1fd590 mode 2
Event: 1.168 Thread 0x000001b0d8cb7000 Uncommon trap: trap_request=0xffffffc6 fr.pc=0x000001b0c6ed5240 relative=0x00000000000005e0
Event: 1.168 Thread 0x000001b0d8cb7000 Uncommon trap: reason=bimorphic_or_optimized_type_check action=maybe_recompile pc=0x000001b0c6ed5240 method=java.util.concurrent.ConcurrentHashMap.get(Ljava/lang/Object;)Ljava/lang/Object; @ 149 c2
Event: 1.168 Thread 0x000001b0d8cb7000 DEOPT PACKING pc=0x000001b0c6ed5240 sp=0x0000003ccc1fd5f0
Event: 1.168 Thread 0x000001b0d8cb7000 DEOPT UNPACKING pc=0x000001b0bf40912f sp=0x0000003ccc1fd590 mode 2
Event: 1.198 Thread 0x000001b0b4a5a000 Uncommon trap: trap_request=0xffffff45 fr.pc=0x000001b0c6ef50e0 relative=0x0000000000000f40
Event: 1.198 Thread 0x000001b0b4a5a000 Uncommon trap: reason=unstable_if action=reinterpret pc=0x000001b0c6ef50e0 method=java.util.concurrent.ConcurrentHashMap.putVal(Ljava/lang/Object;Ljava/lang/Object;Z)Ljava/lang/Object; @ 112 c2
Event: 1.198 Thread 0x000001b0b4a5a000 DEOPT PACKING pc=0x000001b0c6ef50e0 sp=0x0000003ccaffd590
Event: 1.198 Thread 0x000001b0b4a5a000 DEOPT UNPACKING pc=0x000001b0bf40912f sp=0x0000003ccaffd530 mode 2

Classes unloaded (0 events):
No events

Classes redefined (0 events):
No events

Internal exceptions (20 events):
Event: 0.648 Thread 0x000001b0b4a5a000 Exception <a 'java/lang/NoSuchMethodError'{0x000000074c5e8b68}: 'java.lang.Object java.lang.invoke.Invokers$Holder.invokeExact_MT(java.lang.Object, java.lang.Object, java.lang.Object, java.lang.Object, java.lang.Object, java.lang.Object)'> (0x000000074c5e8b68) 
thrown [./src/hotspot/share/interpreter/linkResolver.cpp, line 767]
Event: 0.673 Thread 0x000001b0b4a5a000 Exception <a 'java/lang/NoSuchMethodError'{0x000000074c4777d8}: 'int java.lang.invoke.DirectMethodHandle$Holder.invokeStaticInit(java.lang.Object, java.lang.Object, java.lang.Object)'> (0x000000074c4777d8) 
thrown [./src/hotspot/share/interpreter/linkResolver.cpp, line 767]
Event: 0.681 Thread 0x000001b0b4a5a000 Exception <a 'java/lang/NoSuchMethodError'{0x000000074c4a9898}: 'java.lang.Object java.lang.invoke.DirectMethodHandle$Holder.invokeVirtual(java.lang.Object, java.lang.Object, java.lang.Object)'> (0x000000074c4a9898) 
thrown [./src/hotspot/share/interpreter/linkResolver.cpp, line 767]
Event: 0.694 Thread 0x000001b0b4a5a000 Exception <a 'java/lang/NoSuchMethodError'{0x000000074c4f6300}: 'void java.lang.invoke.DirectMethodHandle$Holder.invokeSpecial(java.lang.Object, java.lang.Object)'> (0x000000074c4f6300) 
thrown [./src/hotspot/share/interpreter/linkResolver.cpp, line 767]
Event: 0.861 Thread 0x000001b0b4a5a000 Exception <a 'java/io/FileNotFoundException'{0x000000074ceae4f8}> (0x000000074ceae4f8) 
thrown [./src/hotspot/share/prims/jni.cpp, line 598]
Event: 0.955 Thread 0x000001b0d8cb7000 Exception <a 'java/lang/NoClassDefFoundError'{0x000000074cb3d4b0}: javax/validation/Validation> (0x000000074cb3d4b0) 
thrown [./src/hotspot/share/classfile/systemDictionary.cpp, line 221]
Event: 1.006 Thread 0x000001b0d8cb7000 Exception <a 'java/lang/NoSuchMethodError'{0x000000074c951638}: 'int java.lang.invoke.DirectMethodHandle$Holder.invokeInterface(java.lang.Object, java.lang.Object)'> (0x000000074c951638) 
thrown [./src/hotspot/share/interpreter/linkResolver.cpp, line 767]
Event: 1.021 Thread 0x000001b0d8cb7000 Exception <a 'java/lang/NoSuchMethodError'{0x000000074cf5dbb8}: 'java.lang.Object java.lang.invoke.DirectMethodHandle$Holder.invokeStaticInit(java.lang.Object, java.lang.Object, java.lang.Object)'> (0x000000074cf5dbb8) 
thrown [./src/hotspot/share/interpreter/linkResolver.cpp, line 767]
Event: 1.023 Thread 0x000001b0b4a5a000 Exception <a 'java/lang/NoSuchMethodError'{0x000000074cf0fba0}: 'int java.lang.invoke.DirectMethodHandle$Holder.invokeSpecial(java.lang.Object, java.lang.Object, java.lang.Object, java.lang.Object)'> (0x000000074cf0fba0) 
thrown [./src/hotspot/share/interpreter/linkResolver.cpp, line 767]
Event: 1.026 Thread 0x000001b0d8cb7000 Exception <a 'java/lang/NoSuchMethodError'{0x000000074cf64cb8}: 'java.lang.Object java.lang.invoke.DirectMethodHandle$Holder.invokeStaticInit(java.lang.Object, java.lang.Object, java.lang.Object, java.lang.Object, java.lang.Object)'> (0x000000074cf64cb8) 
thrown [./src/hotspot/share/interpreter/linkResolver.cpp, line 767]
Event: 1.059 Thread 0x000001b0d8cb7000 Exception <a 'java/lang/NoSuchMethodError'{0x000000074ceb0498}: 'void java.lang.invoke.DirectMethodHandle$Holder.invokeStatic(java.lang.Object, java.lang.Object, java.lang.Object, java.lang.Object, java.lang.Object)'> (0x000000074ceb0498) 
thrown [./src/hotspot/share/interpreter/linkResolver.cpp, line 767]
Event: 1.084 Thread 0x000001b0b4a5a000 Exception <a 'java/lang/NoSuchMethodError'{0x000000074cced7c8}: 'java.lang.Object java.lang.invoke.DirectMethodHandle$Holder.invokeSpecial(java.lang.Object, java.lang.Object, java.lang.Object, java.lang.Object, java.lang.Object, java.lang.Object, int)'> (0x000000074cced7c8) 
thrown [./src/hotspot/share/interpreter/linkResolver.cpp, line 767]
Event: 1.085 Thread 0x000001b0b4a5a000 Exception <a 'java/lang/NoSuchMethodError'{0x000000074ccf6488}: 'java.lang.Object java.lang.invoke.DirectMethodHandle$Holder.invokeStatic(java.lang.Object, java.lang.Object, java.lang.Object, java.lang.Object, java.lang.Object, java.lang.Object, int)'> (0x000000074ccf6488) 
thrown [./src/hotspot/share/interpreter/linkResolver.cpp, line 767]
Event: 1.086 Thread 0x000001b0b4a5a000 Exception <a 'java/lang/NoSuchMethodError'{0x000000074ccf9c50}: 'java.lang.Object java.lang.invoke.DirectMethodHandle$Holder.invokeSpecial(java.lang.Object, java.lang.Object, java.lang.Object, java.lang.Object, java.lang.Object, java.lang.Object, java.lang.Object, int)'> (0x000000074ccf9c50) 
thrown [./src/hotspot/share/interpreter/linkResolver.cpp, line 767]
Event: 1.102 Thread 0x000001b0b4a5a000 Exception <a 'java/lang/NoSuchMethodError'{0x000000074cbd8220}: 'java.lang.Object java.lang.invoke.DirectMethodHandle$Holder.invokeStatic(java.lang.Object, java.lang.Object, int, java.lang.Object)'> (0x000000074cbd8220) 
thrown [./src/hotspot/share/interpreter/linkResolver.cpp, line 767]
Event: 1.102 Thread 0x000001b0b4a5a000 Exception <a 'java/lang/NoSuchMethodError'{0x000000074cbde4e8}: 'java.lang.Object java.lang.invoke.Invokers$Holder.linkToTargetMethod(java.lang.Object, int, java.lang.Object, java.lang.Object)'> (0x000000074cbde4e8) 
thrown [./src/hotspot/share/interpreter/linkResolver.cpp, line 767]
Event: 1.108 Thread 0x000001b0b4a5a000 Exception <a 'java/lang/NoSuchMethodError'{0x000000074ca4b6e0}: 'java.lang.Object java.lang.invoke.Invokers$Holder.linkToTargetMethod(java.lang.Object, java.lang.Object, java.lang.Object, java.lang.Object, java.lang.Object, java.lang.Object)'> (0x000000074ca4b6e0) 
thrown [./src/hotspot/share/interpreter/linkResolver.cpp, line 767]
Event: 1.114 Thread 0x000001b0b4a5a000 Exception <a 'java/lang/NoSuchMethodError'{0x000000074ca64f08}: 'int java.lang.invoke.DirectMethodHandle$Holder.invokeVirtual(java.lang.Object, java.lang.Object)'> (0x000000074ca64f08) 
thrown [./src/hotspot/share/interpreter/linkResolver.cpp, line 767]
Event: 1.132 Thread 0x000001b0b4a5a000 Exception <a 'java/lang/NoSuchMethodError'{0x000000074c92def8}: 'void java.lang.invoke.DirectMethodHandle$Holder.invokeStatic(java.lang.Object, java.lang.Object, java.lang.Object, java.lang.Object)'> (0x000000074c92def8) 
thrown [./src/hotspot/share/interpreter/linkResolver.cpp, line 767]
Event: 1.199 Thread 0x000001b0b4a5a000 Exception <a 'java/lang/NoSuchMethodError'{0x000000074c524b98}: 'void java.lang.invoke.DirectMethodHandle$Holder.invokeStaticInit(java.lang.Object, java.lang.Object)'> (0x000000074c524b98) 
thrown [./src/hotspot/share/interpreter/linkResolver.cpp, line 767]

Events (20 events):
Event: 1.212 loading class com/fasterxml/jackson/core/json/async/NonBlockingJsonParserBase
Event: 1.212 loading class com/fasterxml/jackson/core/json/async/NonBlockingJsonParserBase done
Event: 1.213 loading class java/io/CharArrayReader
Event: 1.213 loading class java/io/CharArrayReader done
Event: 1.214 loading class com/fasterxml/jackson/core/json/UTF8JsonGenerator
Event: 1.214 loading class com/fasterxml/jackson/core/json/UTF8JsonGenerator done
Event: 1.215 loading class com/fasterxml/jackson/core/JsonFactory$Feature
Event: 1.215 loading class com/fasterxml/jackson/core/JsonFactory$Feature done
Event: 1.216 loading class com/fasterxml/jackson/core/JsonParser$Feature
Event: 1.216 loading class com/fasterxml/jackson/core/JsonParser$Feature done
Event: 1.217 loading class com/fasterxml/jackson/core/JsonGenerator$Feature
Event: 1.217 loading class com/fasterxml/jackson/core/JsonGenerator$Feature done
Event: 1.218 loading class com/fasterxml/jackson/core/util/DefaultPrettyPrinter
Event: 1.218 loading class com/fasterxml/jackson/core/util/DefaultPrettyPrinter done
Event: 1.218 loading class com/fasterxml/jackson/core/util/Instantiatable
Event: 1.218 loading class com/fasterxml/jackson/core/util/Instantiatable done
Event: 1.219 loading class com/fasterxml/jackson/core/io/SerializedString
Event: 1.219 loading class com/fasterxml/jackson/core/io/SerializedString done
Event: 1.220 loading class com/fasterxml/jackson/core/io/JsonStringEncoder
Event: 1.220 loading class com/fasterxml/jackson/core/io/JsonStringEncoder done


Dynamic libraries:
0x00007ff634c80000 - 0x00007ff634c8d000 	C:\Users\R3Y\.jdks\azul-13.0.13\bin\java.exe
0x00007ffd283e0000 - 0x00007ffd285e9000 	C:\WINDOWS\SYSTEM32\ntdll.dll
0x00007ffd271e0000 - 0x00007ffd2729e000 	C:\WINDOWS\System32\KERNEL32.DLL
0x00007ffd25a50000 - 0x00007ffd25dcb000 	C:\WINDOWS\System32\KERNELBASE.dll
0x00007ffd258b0000 - 0x00007ffd259c1000 	C:\WINDOWS\System32\ucrtbase.dll
0x00007ffd212c0000 - 0x00007ffd212d5000 	C:\Users\R3Y\.jdks\azul-13.0.13\bin\VCRUNTIME140.dll
0x00007ffd21360000 - 0x00007ffd21377000 	C:\Users\R3Y\.jdks\azul-13.0.13\bin\jli.dll
0x00007ffd27c30000 - 0x00007ffd27ddd000 	C:\WINDOWS\System32\USER32.dll
0x00007ffd26190000 - 0x00007ffd261b6000 	C:\WINDOWS\System32\win32u.dll
0x00007ffd26d70000 - 0x00007ffd26d99000 	C:\WINDOWS\System32\GDI32.dll
0x00007ffd26000000 - 0x00007ffd26118000 	C:\WINDOWS\System32\gdi32full.dll
0x00007ffd261c0000 - 0x00007ffd2625d000 	C:\WINDOWS\System32\msvcp_win.dll
0x00007ffd0fef0000 - 0x00007ffd10195000 	C:\WINDOWS\WinSxS\amd64_microsoft.windows.common-controls_6595b64144ccf1df_6.0.22000.120_none_9d947278b86cc467\COMCTL32.dll
0x00007ffd273a0000 - 0x00007ffd27443000 	C:\WINDOWS\System32\msvcrt.dll
0x00007ffd27550000 - 0x00007ffd27582000 	C:\WINDOWS\System32\IMM32.DLL
0x00007ffd19260000 - 0x00007ffd192fb000 	C:\Users\R3Y\.jdks\azul-13.0.13\bin\msvcp140.dll
0x00007ffce8620000 - 0x00007ffce9218000 	C:\Users\R3Y\.jdks\azul-13.0.13\bin\server\jvm.dll
0x00007ffd277f0000 - 0x00007ffd2789e000 	C:\WINDOWS\System32\ADVAPI32.dll
0x00007ffd26b90000 - 0x00007ffd26c2e000 	C:\WINDOWS\System32\sechost.dll
0x00007ffd278a0000 - 0x00007ffd279c0000 	C:\WINDOWS\System32\RPCRT4.dll
0x00007ffd26b80000 - 0x00007ffd26b88000 	C:\WINDOWS\System32\PSAPI.DLL
0x00007ffd16770000 - 0x00007ffd16779000 	C:\WINDOWS\SYSTEM32\WSOCK32.dll
0x00007ffd26a20000 - 0x00007ffd26a8f000 	C:\WINDOWS\System32\WS2_32.dll
0x00007ffd1ef70000 - 0x00007ffd1efa3000 	C:\WINDOWS\SYSTEM32\WINMM.dll
0x00007ffd1ab00000 - 0x00007ffd1ab0a000 	C:\WINDOWS\SYSTEM32\VERSION.dll
0x00007ffd24930000 - 0x00007ffd24948000 	C:\WINDOWS\SYSTEM32\kernel.appcore.dll
0x00007ffd22270000 - 0x00007ffd22280000 	C:\Users\R3Y\.jdks\azul-13.0.13\bin\verify.dll
0x00007ffd23460000 - 0x00007ffd23681000 	C:\WINDOWS\SYSTEM32\DBGHELP.DLL
0x00007ffd15090000 - 0x00007ffd150c1000 	C:\WINDOWS\SYSTEM32\dbgcore.DLL
0x00007ffd259d0000 - 0x00007ffd25a4f000 	C:\WINDOWS\System32\bcryptPrimitives.dll
0x00007ffd193d0000 - 0x00007ffd193f6000 	C:\Users\R3Y\.jdks\azul-13.0.13\bin\java.dll
0x00007ffd21c50000 - 0x00007ffd21c5a000 	C:\Users\R3Y\.jdks\azul-13.0.13\bin\jimage.dll
0x00007ffd194c0000 - 0x00007ffd194d7000 	C:\Users\R3Y\.jdks\azul-13.0.13\bin\zip.dll
0x00007ffd26260000 - 0x00007ffd26a18000 	C:\WINDOWS\System32\SHELL32.dll
0x00007ffd239a0000 - 0x00007ffd24205000 	C:\WINDOWS\SYSTEM32\windows.storage.dll
0x00007ffd26da0000 - 0x00007ffd27118000 	C:\WINDOWS\System32\combase.dll
0x00007ffd23830000 - 0x00007ffd23996000 	C:\WINDOWS\SYSTEM32\wintypes.dll
0x00007ffd26a90000 - 0x00007ffd26b7a000 	C:\WINDOWS\System32\SHCORE.dll
0x00007ffd28340000 - 0x00007ffd2839d000 	C:\WINDOWS\System32\shlwapi.dll
0x00007ffd257e0000 - 0x00007ffd25801000 	C:\WINDOWS\SYSTEM32\profapi.dll
0x00007ffd19430000 - 0x00007ffd19449000 	C:\Users\R3Y\.jdks\azul-13.0.13\bin\net.dll
0x00007ffd1d4a0000 - 0x00007ffd1d5b4000 	C:\WINDOWS\SYSTEM32\WINHTTP.dll
0x00007ffd24dd0000 - 0x00007ffd24e37000 	C:\WINDOWS\system32\mswsock.dll
0x00007ffd14250000 - 0x00007ffd14262000 	C:\Users\R3Y\.jdks\azul-13.0.13\bin\nio.dll
0x00007ffd21280000 - 0x00007ffd21289000 	C:\Users\R3Y\.jdks\azul-13.0.13\bin\management.dll
0x00007ffd1a240000 - 0x00007ffd1a24b000 	C:\Users\R3Y\.jdks\azul-13.0.13\bin\management_ext.dll

dbghelp: loaded successfully - version: 4.0.5 - missing functions: none
symbol engine: initialized successfully - sym options: 0x614 - pdb path: .;C:\Users\R3Y\.jdks\azul-13.0.13\bin;C:\WINDOWS\SYSTEM32;C:\WINDOWS\WinSxS\amd64_microsoft.windows.common-controls_6595b64144ccf1df_6.0.22000.120_none_9d947278b86cc467;C:\Users\R3Y\.jdks\azul-13.0.13\bin\server

VM Arguments:
jvm_args: -Dfile.encoding=windows-1252 -Duser.country=CU -Duser.language=es -Duser.variant 
java_command: com.platzi.market.PlatziMarketApplication
java_class_path (initial): C:\Users\R3Y\Desktop\platzi_market-clase-7-hola-mundo-con-spring-boot\build\classes\java\main;C:\Users\R3Y\Desktop\platzi_market-clase-7-hola-mundo-con-spring-boot\build\resources\main;C:\Users\R3Y\.gradle\caches\modules-2\files-2.1\org.springframework.boot\spring-boot-starter-json\2.3.1.RELEASE\8342003919c7e5a2470072595ea190cb8a9552c0\spring-boot-starter-json-2.3.1.RELEASE.jar;C:\Users\R3Y\.gradle\caches\modules-2\files-2.1\org.springframework.boot\spring-boot-starter\2.3.1.RELEASE\e0d28696fea064578cb01da346232284f922eba4\spring-boot-starter-2.3.1.RELEASE.jar;C:\Users\R3Y\.gradle\caches\modules-2\files-2.1\org.springframework.boot\spring-boot-starter-tomcat\2.3.1.RELEASE\5b599d0da04e724479c22daa47f9bfd62533a2e9\spring-boot-starter-tomcat-2.3.1.RELEASE.jar;C:\Users\R3Y\.gradle\caches\modules-2\files-2.1\org.springframework.boot\spring-boot-autoconfigure\2.3.1.RELEASE\6d679d6ba26235a0e81ca1d58f9c1024d9427411\spring-boot-autoconfigure-2.3.1.RELEASE.jar;C:\Users\R3Y\.gradle\caches\modules-2\files-2.1\org.springframework.boot\spring-boot\2.3.1.RELEASE\ce8d8b6838ecceb68962b975b18682f4237ccf71\spring-boot-2.3.1.RELEASE.jar;C:\Users\R3Y\.gradle\caches\modules-2\files-2.1\org.springframework.boot\spring-boot-starter-logging\2.3.1.RELEASE\3f242a91ffddf7485fde1367e1354c7e13024c8\spring-boot-starter-logging-2.3.1.RELEASE.jar;C:\Users\R3Y\.gradle\caches\modules-2\files-2.1\org.springframework.boot\spring-boot-starter-web\2.3.1.RELEASE\555c4f90141cdbc7637145e413bca0d622ba6796\spring-boot-starter-web-2.3.1.RELEASE.jar;C:\Users\R3Y\.gradle\caches\modules-2\files-2.1\org.springframework\spring-webmvc\5.2.7.RELEASE\dcd97bcb0a2aa33f272b0031e4771134e327d942\spring-webmvc-5.2.7.RELEASE.jar;C:\Users\R3Y\.gradle\caches\modules-2\files-2.1\org.springframework\spring-web\5.2.7.RELEASE\50a27c77e1731f3b7af5c2ae7caf6fe59bcc309\spring-web-5.2.7.RELEASE.jar;C:\Users\R3Y\.gradle\caches\modules-2\files-2.1\com.fasterxml.jackson.datatype\jackson-datatype-jsr310\2.11.0\
Launcher Type: SUN_STANDARD

[Global flags]
     intx CICompilerCount                          = 3                                         {product} {ergonomic}
     uint ConcGCThreads                            = 1                                         {product} {ergonomic}
     uint G1ConcRefinementThreads                  = 4                                         {product} {ergonomic}
   size_t G1HeapRegionSize                         = 1048576                                   {product} {ergonomic}
    uintx GCDrainStackTargetSize                   = 64                                        {product} {ergonomic}
   size_t InitialHeapSize                          = 201326592                                 {product} {ergonomic}
   size_t MarkStackSize                            = 4194304                                   {product} {ergonomic}
   size_t MaxHeapSize                              = 3204448256                                {product} {ergonomic}
   size_t MaxNewSize                               = 1922039808                                {product} {ergonomic}
   size_t MinHeapDeltaBytes                        = 1048576                                   {product} {ergonomic}
   size_t MinHeapSize                              = 8388608                                   {product} {ergonomic}
    uintx NonNMethodCodeHeapSize                   = 5832780                                {pd product} {ergonomic}
    uintx NonProfiledCodeHeapSize                  = 122912730                              {pd product} {ergonomic}
    uintx ProfiledCodeHeapSize                     = 122912730                              {pd product} {ergonomic}
    uintx ReservedCodeCacheSize                    = 251658240                              {pd product} {ergonomic}
     bool SegmentedCodeCache                       = true                                      {product} {ergonomic}
   size_t SoftMaxHeapSize                          = 3204448256                             {manageable} {ergonomic}
     bool UseCompressedClassPointers               = true                                 {lp64_product} {ergonomic}
     bool UseCompressedOops                        = true                                 {lp64_product} {ergonomic}
     bool UseG1GC                                  = true                                      {product} {ergonomic}
     bool UseLargePagesIndividualAllocation        = false                                  {pd product} {ergonomic}

Logging:
Log output configuration:
 #0: stdout all=warning uptime,level,tags
 #1: stderr all=off uptime,level,tags

Environment Variables:
JAVA_HOME=C:\Users\R3Y\AppData\Local\Programs\Eclipse Adoptium\jdk-17.0.4.101-hotspot\
PATH=C:\Program Files\Common Files\Siemens\Automation\Simatic OAM\bin;C:\WINDOWS\system32;C:\WINDOWS;C:\WINDOWS\System32\Wbem;C:\WINDOWS\System32\WindowsPowerShell\v1.0\;C:\WINDOWS\System32\OpenSSH\;C:\Program Files\npm;C:\Program Files\nodejs\;C:\Program Files (x86)\Common Files\Siemens\;C:\Program Files (x86)\Common Files\Siemens\Interfaces;C:\Program Files (x86)\Common Files\Siemens\ACE\Interfaces;C:\Program Files\Git\cmd;C:\Program Files\swift\icu-69.1\usr\bin;C:\Program Files\swift\runtime-development\usr\bin;C:\Library\Developer\Toolchains\unknown-Asserts-development.xctoolchain\usr\bin;C:\maven\bin;C:\Program Files\Java\jdk-17.0.5\bin;C:\Program Files\PowerShell\7\;C:\Program Files\Microsoft VS Code\bin;C:\Users\R3Y\AppData\Local\Programs\Eclipse Adoptium\jdk-17.0.4.101-hotspot\bin;C:\Users\R3Y\AppData\Local\Microsoft\WindowsApps;C:\Program Files\JetBrains\PyCharm Community Edition 2022.1.2\bin;;C:\Users\R3Y\AppData\Roaming\npm;C:\Program Files (x86)\Amazon\AWSCLI\bin\aws.exe;C:\Users\R3Y\AppData\Roaming\TinyTeX\bin\win32;C:\Users\R3Y\AppData\Local\GitHubDesktop\bin;C:\Users\R3Y\AppData\Local\pip;C:\Program Files\heroku\bin;C:\sonarqube-9.7.0.61563\bin\windows-x86-64\StartSonar.bat
USERNAME=R3Y
OS=Windows_NT
PROCESSOR_IDENTIFIER=Intel64 Family 6 Model 69 Stepping 1, GenuineIntel



---------------  S Y S T E M  ---------------

OS: Windows 11 , 64 bit Build 22000 (10.0.22000.1219)
OS uptime: 1 days 9:51 hours

CPU:total 4 (initial active 4) (2 cores per cpu, 2 threads per core) family 6 model 69 stepping 1, cmov, cx8, fxsr, mmx, sse, sse2, sse3, ssse3, sse4.1, sse4.2, popcnt, avx, avx2, aes, clmul, erms, lzcnt, ht, tsc, tscinvbit, bmi1, bmi2, fma

Memory: 4k page, system-wide physical 12216M (1329M free)
TotalPageFile size 12216M (AvailPageFile size 182M)
current process WorkingSet (physical memory assigned to process): 67M, peak: 81M
current process commit charge ("private bytes"): 115M, peak: 293M

vm_info: OpenJDK 64-Bit Server VM (13.0.13+5-MTS) for windows-amd64 JRE (13.0.13+5-MTS) (Zulu13.52+15-CA), built on Oct  9 2022 10:53:20 by "zulu_re" with MS VC++ 15.9 (VS2017)

END.
