#
# There is insufficient memory for the Java Runtime Environment to continue.
# Native memory allocation (malloc) failed to allocate 638736 bytes for Chunk::new
# Possible reasons:
#   The system is out of physical RAM or swap space
#   The process is running with CompressedOops enabled, and the Java Heap may be blocking the growth of the native heap
# Possible solutions:
#   Reduce memory load on the system
#   Increase physical memory or swap space
#   Check if swap backing store is full
#   Decrease Java heap size (-Xmx/-Xms)
#   Decrease number of Java threads
#   Decrease Java thread stack sizes (-Xss)
#   Set larger code cache with -XX:ReservedCodeCacheSize=
#   JVM is running with Zero Based Compressed Oops mode in which the Java heap is
#     placed in the first 32GB address space. The Java Heap base address is the
#     maximum limit for the native heap growth. Please use -XX:HeapBaseMinAddress
#     to set the Java Heap base and to place the Java Heap above 32GB virtual address.
# This output file may be truncated or incomplete.
#
#  Out of Memory Error (./src/hotspot/share/memory/arena.cpp:196), pid=16208, tid=16848
#
# JRE version: OpenJDK Runtime Environment Zulu13.52+15-CA (13.0.13+5) (build 13.0.13+5-MTS)
# Java VM: OpenJDK 64-Bit Server VM Zulu13.52+15-CA (13.0.13+5-MTS, mixed mode, sharing, tiered, compressed oops, g1 gc, windows-amd64)
# No core dump will be written. Minidumps are not enabled by default on client versions of Windows
#

---------------  S U M M A R Y ------------

Command Line: -Dfile.encoding=windows-1252 -Duser.country=CU -Duser.language=es -Duser.variant com.platzi.market.PlatziMarketApplication

Host: Intel(R) Core(TM) i5-4210U CPU @ 1.70GHz, 4 cores, 11G,  Windows 11 , 64 bit Build 22000 (10.0.22000.1219)
Time: Tue Nov 22 01:21:46 2022 Hora estándar del Este (México) elapsed time: 1.445102 seconds (0d 0h 0m 1s)

---------------  T H R E A D  ---------------

Current thread (0x000001ebc95ef800):  JavaThread "C2 CompilerThread0" daemon [_thread_in_native, id=16848, stack(0x0000006e69200000,0x0000006e69300000)]


Current CompileTask:
C2:   1445 1436       4       java.net.URLStreamHandler::parseURL (1201 bytes)

Stack: [0x0000006e69200000,0x0000006e69300000]
Native frames: (J=compiled Java code, j=interpreted, Vv=VM code, C=native code)
V  [jvm.dll+0x637d3a]
V  [jvm.dll+0x7e508a]
V  [jvm.dll+0x7e6743]
V  [jvm.dll+0x7e6d83]
V  [jvm.dll+0x2504b8]
V  [jvm.dll+0xc5097]
V  [jvm.dll+0xc578c]
V  [jvm.dll+0x2c3274]
V  [jvm.dll+0x5516ed]
V  [jvm.dll+0x21238a]
V  [jvm.dll+0x20c03e]
V  [jvm.dll+0x20924d]
V  [jvm.dll+0x18df0c]
V  [jvm.dll+0x21855d]
V  [jvm.dll+0x2167ab]
V  [jvm.dll+0x7a9776]
V  [jvm.dll+0x7a26da]
V  [jvm.dll+0x636b96]
C  [ucrtbase.dll+0x26c0c]
C  [KERNEL32.DLL+0x15550]
C  [ntdll.dll+0x485b]


---------------  P R O C E S S  ---------------

Threads class SMR info:
_java_thread_list=0x000001ebcab09410, length=11, elements={
0x000001eba7ed6000, 0x000001ebc8dac000, 0x000001ebc8dae800, 0x000001ebc95e4000,
0x000001ebc95e5000, 0x000001ebc95e6000, 0x000001ebc95ef800, 0x000001ebc95f6800,
0x000001ebc95fc800, 0x000001ebc9734800, 0x000001ebca02f800
}

Java Threads: ( => current thread )
  0x000001eba7ed6000 JavaThread "main" [_thread_in_Java, id=19136, stack(0x0000006e68600000,0x0000006e68700000)]
  0x000001ebc8dac000 JavaThread "Reference Handler" daemon [_thread_blocked, id=17376, stack(0x0000006e68d00000,0x0000006e68e00000)]
  0x000001ebc8dae800 JavaThread "Finalizer" daemon [_thread_blocked, id=16548, stack(0x0000006e68e00000,0x0000006e68f00000)]
  0x000001ebc95e4000 JavaThread "Signal Dispatcher" daemon [_thread_blocked, id=4088, stack(0x0000006e68f00000,0x0000006e69000000)]
  0x000001ebc95e5000 JavaThread "Attach Listener" daemon [_thread_blocked, id=10892, stack(0x0000006e69000000,0x0000006e69100000)]
  0x000001ebc95e6000 JavaThread "Service Thread" daemon [_thread_blocked, id=13916, stack(0x0000006e69100000,0x0000006e69200000)]
=>0x000001ebc95ef800 JavaThread "C2 CompilerThread0" daemon [_thread_in_native, id=16848, stack(0x0000006e69200000,0x0000006e69300000)]
  0x000001ebc95f6800 JavaThread "C1 CompilerThread0" daemon [_thread_blocked, id=18012, stack(0x0000006e69300000,0x0000006e69400000)]
  0x000001ebc95fc800 JavaThread "Sweeper thread" daemon [_thread_blocked, id=10624, stack(0x0000006e69400000,0x0000006e69500000)]
  0x000001ebc9734800 JavaThread "Common-Cleaner" daemon [_thread_blocked, id=19372, stack(0x0000006e69600000,0x0000006e69700000)]
  0x000001ebca02f800 JavaThread "C2 CompilerThread1" daemon [_thread_in_native, id=5156, stack(0x0000006e69700000,0x0000006e69800000)]

Other Threads:
  0x000001ebc8dab000 VMThread "VM Thread" [stack: 0x0000006e68c00000,0x0000006e68d00000] [id=13884]
  0x000001ebc972b800 WatcherThread [stack: 0x0000006e69500000,0x0000006e69600000] [id=13024]
  0x000001eba7f2c800 GCTaskThread "GC Thread#0" [stack: 0x0000006e68700000,0x0000006e68800000] [id=19172]
  0x000001ebca4a1000 GCTaskThread "GC Thread#1" [stack: 0x0000006e69900000,0x0000006e69a00000] [id=11132]
  0x000001ebc9e51000 GCTaskThread "GC Thread#2" [stack: 0x0000006e69a00000,0x0000006e69b00000] [id=7068]
  0x000001ebca116800 GCTaskThread "GC Thread#3" [stack: 0x0000006e69b00000,0x0000006e69c00000] [id=10200]
  0x000001eba7f46800 ConcurrentGCThread "G1 Main Marker" [stack: 0x0000006e68800000,0x0000006e68900000] [id=2068]
  0x000001eba7f48000 ConcurrentGCThread "G1 Conc#0" [stack: 0x0000006e68900000,0x0000006e68a00000] [id=18444]
  0x000001ebc8c25800 ConcurrentGCThread "G1 Refine#0" [stack: 0x0000006e68a00000,0x0000006e68b00000] [id=10596]
  0x000001ebc9877000 ConcurrentGCThread "G1 Refine#1" [stack: 0x0000006e69c00000,0x0000006e69d00000] [id=17224]
  0x000001ebc8c29000 ConcurrentGCThread "G1 Young RemSet Sampling" [stack: 0x0000006e68b00000,0x0000006e68c00000] [id=1312]

Threads with active compile tasks:
C2 CompilerThread0     1474 1436       4       java.net.URLStreamHandler::parseURL (1201 bytes)
C2 CompilerThread1     1475 1415       4       jdk.internal.loader.URLClassPath::getResource (74 bytes)

VM state:not at safepoint (normal execution)

VM Mutex/Monitor currently owned by a thread: None

Heap address: 0x0000000741000000, size: 3056 MB, Compressed Oops mode: Zero based, Oop shift amount: 3
Narrow klass base: 0x0000000800000000, Narrow klass shift: 3
Compressed class space size: 1073741824 Address: 0x0000000800b10000

Heap:
 garbage-first heap   total 196608K, used 30338K [0x0000000741000000, 0x0000000800000000)
  region size 1024K, 27 young (27648K), 1 survivors (1024K)
 Metaspace       used 12161K, capacity 13422K, committed 13568K, reserved 1060864K
  class space    used 1494K, capacity 1691K, committed 1792K, reserved 1048576K
Heap Regions: E=young(eden), S=young(survivor), O=old, HS=humongous(starts), HC=humongous(continues), CS=collection set, F=free, A=archive, TAMS=top-at-mark-start (previous, next)
|   0|0x0000000741000000, 0x0000000741100000, 0x0000000741100000|100%| O|  |TAMS 0x0000000741000000, 0x0000000741000000| Untracked 
|   1|0x0000000741100000, 0x0000000741200000, 0x0000000741200000|100%| O|  |TAMS 0x0000000741100000, 0x0000000741100000| Untracked 
|   2|0x0000000741200000, 0x0000000741300000, 0x0000000741300000|100%| O|  |TAMS 0x0000000741200000, 0x0000000741200000| Untracked 
|   3|0x0000000741300000, 0x00000007413c0a00, 0x0000000741400000| 75%| O|  |TAMS 0x0000000741300000, 0x0000000741300000| Untracked 
|   4|0x0000000741400000, 0x0000000741400000, 0x0000000741500000|  0%| F|  |TAMS 0x0000000741400000, 0x0000000741400000| Untracked 
|   5|0x0000000741500000, 0x0000000741500000, 0x0000000741600000|  0%| F|  |TAMS 0x0000000741500000, 0x0000000741500000| Untracked 
|   6|0x0000000741600000, 0x0000000741600000, 0x0000000741700000|  0%| F|  |TAMS 0x0000000741600000, 0x0000000741600000| Untracked 
|   7|0x0000000741700000, 0x0000000741700000, 0x0000000741800000|  0%| F|  |TAMS 0x0000000741700000, 0x0000000741700000| Untracked 
|   8|0x0000000741800000, 0x0000000741800000, 0x0000000741900000|  0%| F|  |TAMS 0x0000000741800000, 0x0000000741800000| Untracked 
|   9|0x0000000741900000, 0x0000000741900000, 0x0000000741a00000|  0%| F|  |TAMS 0x0000000741900000, 0x0000000741900000| Untracked 
|  10|0x0000000741a00000, 0x0000000741a00000, 0x0000000741b00000|  0%| F|  |TAMS 0x0000000741a00000, 0x0000000741a00000| Untracked 
|  11|0x0000000741b00000, 0x0000000741b00000, 0x0000000741c00000|  0%| F|  |TAMS 0x0000000741b00000, 0x0000000741b00000| Untracked 
|  12|0x0000000741c00000, 0x0000000741c00000, 0x0000000741d00000|  0%| F|  |TAMS 0x0000000741c00000, 0x0000000741c00000| Untracked 
|  13|0x0000000741d00000, 0x0000000741d00000, 0x0000000741e00000|  0%| F|  |TAMS 0x0000000741d00000, 0x0000000741d00000| Untracked 
|  14|0x0000000741e00000, 0x0000000741e00000, 0x0000000741f00000|  0%| F|  |TAMS 0x0000000741e00000, 0x0000000741e00000| Untracked 
|  15|0x0000000741f00000, 0x0000000741f00000, 0x0000000742000000|  0%| F|  |TAMS 0x0000000741f00000, 0x0000000741f00000| Untracked 
|  16|0x0000000742000000, 0x0000000742000000, 0x0000000742100000|  0%| F|  |TAMS 0x0000000742000000, 0x0000000742000000| Untracked 
|  17|0x0000000742100000, 0x0000000742100000, 0x0000000742200000|  0%| F|  |TAMS 0x0000000742100000, 0x0000000742100000| Untracked 
|  18|0x0000000742200000, 0x0000000742200000, 0x0000000742300000|  0%| F|  |TAMS 0x0000000742200000, 0x0000000742200000| Untracked 
|  19|0x0000000742300000, 0x0000000742300000, 0x0000000742400000|  0%| F|  |TAMS 0x0000000742300000, 0x0000000742300000| Untracked 
|  20|0x0000000742400000, 0x0000000742400000, 0x0000000742500000|  0%| F|  |TAMS 0x0000000742400000, 0x0000000742400000| Untracked 
|  21|0x0000000742500000, 0x0000000742500000, 0x0000000742600000|  0%| F|  |TAMS 0x0000000742500000, 0x0000000742500000| Untracked 
|  22|0x0000000742600000, 0x0000000742600000, 0x0000000742700000|  0%| F|  |TAMS 0x0000000742600000, 0x0000000742600000| Untracked 
|  23|0x0000000742700000, 0x0000000742700000, 0x0000000742800000|  0%| F|  |TAMS 0x0000000742700000, 0x0000000742700000| Untracked 
|  24|0x0000000742800000, 0x0000000742800000, 0x0000000742900000|  0%| F|  |TAMS 0x0000000742800000, 0x0000000742800000| Untracked 
|  25|0x0000000742900000, 0x0000000742900000, 0x0000000742a00000|  0%| F|  |TAMS 0x0000000742900000, 0x0000000742900000| Untracked 
|  26|0x0000000742a00000, 0x0000000742a00000, 0x0000000742b00000|  0%| F|  |TAMS 0x0000000742a00000, 0x0000000742a00000| Untracked 
|  27|0x0000000742b00000, 0x0000000742b00000, 0x0000000742c00000|  0%| F|  |TAMS 0x0000000742b00000, 0x0000000742b00000| Untracked 
|  28|0x0000000742c00000, 0x0000000742c00000, 0x0000000742d00000|  0%| F|  |TAMS 0x0000000742c00000, 0x0000000742c00000| Untracked 
|  29|0x0000000742d00000, 0x0000000742d00000, 0x0000000742e00000|  0%| F|  |TAMS 0x0000000742d00000, 0x0000000742d00000| Untracked 
|  30|0x0000000742e00000, 0x0000000742e00000, 0x0000000742f00000|  0%| F|  |TAMS 0x0000000742e00000, 0x0000000742e00000| Untracked 
|  31|0x0000000742f00000, 0x0000000742f00000, 0x0000000743000000|  0%| F|  |TAMS 0x0000000742f00000, 0x0000000742f00000| Untracked 
|  32|0x0000000743000000, 0x0000000743000000, 0x0000000743100000|  0%| F|  |TAMS 0x0000000743000000, 0x0000000743000000| Untracked 
|  33|0x0000000743100000, 0x0000000743100000, 0x0000000743200000|  0%| F|  |TAMS 0x0000000743100000, 0x0000000743100000| Untracked 
|  34|0x0000000743200000, 0x0000000743200000, 0x0000000743300000|  0%| F|  |TAMS 0x0000000743200000, 0x0000000743200000| Untracked 
|  35|0x0000000743300000, 0x0000000743300000, 0x0000000743400000|  0%| F|  |TAMS 0x0000000743300000, 0x0000000743300000| Untracked 
|  36|0x0000000743400000, 0x0000000743400000, 0x0000000743500000|  0%| F|  |TAMS 0x0000000743400000, 0x0000000743400000| Untracked 
|  37|0x0000000743500000, 0x0000000743500000, 0x0000000743600000|  0%| F|  |TAMS 0x0000000743500000, 0x0000000743500000| Untracked 
|  38|0x0000000743600000, 0x0000000743600000, 0x0000000743700000|  0%| F|  |TAMS 0x0000000743600000, 0x0000000743600000| Untracked 
|  39|0x0000000743700000, 0x0000000743700000, 0x0000000743800000|  0%| F|  |TAMS 0x0000000743700000, 0x0000000743700000| Untracked 
|  40|0x0000000743800000, 0x0000000743800000, 0x0000000743900000|  0%| F|  |TAMS 0x0000000743800000, 0x0000000743800000| Untracked 
|  41|0x0000000743900000, 0x0000000743900000, 0x0000000743a00000|  0%| F|  |TAMS 0x0000000743900000, 0x0000000743900000| Untracked 
|  42|0x0000000743a00000, 0x0000000743a00000, 0x0000000743b00000|  0%| F|  |TAMS 0x0000000743a00000, 0x0000000743a00000| Untracked 
|  43|0x0000000743b00000, 0x0000000743b00000, 0x0000000743c00000|  0%| F|  |TAMS 0x0000000743b00000, 0x0000000743b00000| Untracked 
|  44|0x0000000743c00000, 0x0000000743c00000, 0x0000000743d00000|  0%| F|  |TAMS 0x0000000743c00000, 0x0000000743c00000| Untracked 
|  45|0x0000000743d00000, 0x0000000743d00000, 0x0000000743e00000|  0%| F|  |TAMS 0x0000000743d00000, 0x0000000743d00000| Untracked 
|  46|0x0000000743e00000, 0x0000000743e00000, 0x0000000743f00000|  0%| F|  |TAMS 0x0000000743e00000, 0x0000000743e00000| Untracked 
|  47|0x0000000743f00000, 0x0000000743f00000, 0x0000000744000000|  0%| F|  |TAMS 0x0000000743f00000, 0x0000000743f00000| Untracked 
|  48|0x0000000744000000, 0x0000000744000000, 0x0000000744100000|  0%| F|  |TAMS 0x0000000744000000, 0x0000000744000000| Untracked 
|  49|0x0000000744100000, 0x0000000744100000, 0x0000000744200000|  0%| F|  |TAMS 0x0000000744100000, 0x0000000744100000| Untracked 
|  50|0x0000000744200000, 0x0000000744200000, 0x0000000744300000|  0%| F|  |TAMS 0x0000000744200000, 0x0000000744200000| Untracked 
|  51|0x0000000744300000, 0x0000000744300000, 0x0000000744400000|  0%| F|  |TAMS 0x0000000744300000, 0x0000000744300000| Untracked 
|  52|0x0000000744400000, 0x0000000744400000, 0x0000000744500000|  0%| F|  |TAMS 0x0000000744400000, 0x0000000744400000| Untracked 
|  53|0x0000000744500000, 0x0000000744500000, 0x0000000744600000|  0%| F|  |TAMS 0x0000000744500000, 0x0000000744500000| Untracked 
|  54|0x0000000744600000, 0x0000000744600000, 0x0000000744700000|  0%| F|  |TAMS 0x0000000744600000, 0x0000000744600000| Untracked 
|  55|0x0000000744700000, 0x0000000744700000, 0x0000000744800000|  0%| F|  |TAMS 0x0000000744700000, 0x0000000744700000| Untracked 
|  56|0x0000000744800000, 0x0000000744800000, 0x0000000744900000|  0%| F|  |TAMS 0x0000000744800000, 0x0000000744800000| Untracked 
|  57|0x0000000744900000, 0x0000000744900000, 0x0000000744a00000|  0%| F|  |TAMS 0x0000000744900000, 0x0000000744900000| Untracked 
|  58|0x0000000744a00000, 0x0000000744a00000, 0x0000000744b00000|  0%| F|  |TAMS 0x0000000744a00000, 0x0000000744a00000| Untracked 
|  59|0x0000000744b00000, 0x0000000744b00000, 0x0000000744c00000|  0%| F|  |TAMS 0x0000000744b00000, 0x0000000744b00000| Untracked 
|  60|0x0000000744c00000, 0x0000000744c00000, 0x0000000744d00000|  0%| F|  |TAMS 0x0000000744c00000, 0x0000000744c00000| Untracked 
|  61|0x0000000744d00000, 0x0000000744d00000, 0x0000000744e00000|  0%| F|  |TAMS 0x0000000744d00000, 0x0000000744d00000| Untracked 
|  62|0x0000000744e00000, 0x0000000744e00000, 0x0000000744f00000|  0%| F|  |TAMS 0x0000000744e00000, 0x0000000744e00000| Untracked 
|  63|0x0000000744f00000, 0x0000000744f00000, 0x0000000745000000|  0%| F|  |TAMS 0x0000000744f00000, 0x0000000744f00000| Untracked 
|  64|0x0000000745000000, 0x0000000745000000, 0x0000000745100000|  0%| F|  |TAMS 0x0000000745000000, 0x0000000745000000| Untracked 
|  65|0x0000000745100000, 0x0000000745100000, 0x0000000745200000|  0%| F|  |TAMS 0x0000000745100000, 0x0000000745100000| Untracked 
|  66|0x0000000745200000, 0x0000000745200000, 0x0000000745300000|  0%| F|  |TAMS 0x0000000745200000, 0x0000000745200000| Untracked 
|  67|0x0000000745300000, 0x0000000745300000, 0x0000000745400000|  0%| F|  |TAMS 0x0000000745300000, 0x0000000745300000| Untracked 
|  68|0x0000000745400000, 0x0000000745400000, 0x0000000745500000|  0%| F|  |TAMS 0x0000000745400000, 0x0000000745400000| Untracked 
|  69|0x0000000745500000, 0x0000000745500000, 0x0000000745600000|  0%| F|  |TAMS 0x0000000745500000, 0x0000000745500000| Untracked 
|  70|0x0000000745600000, 0x0000000745600000, 0x0000000745700000|  0%| F|  |TAMS 0x0000000745600000, 0x0000000745600000| Untracked 
|  71|0x0000000745700000, 0x0000000745700000, 0x0000000745800000|  0%| F|  |TAMS 0x0000000745700000, 0x0000000745700000| Untracked 
|  72|0x0000000745800000, 0x0000000745800000, 0x0000000745900000|  0%| F|  |TAMS 0x0000000745800000, 0x0000000745800000| Untracked 
|  73|0x0000000745900000, 0x0000000745900000, 0x0000000745a00000|  0%| F|  |TAMS 0x0000000745900000, 0x0000000745900000| Untracked 
|  74|0x0000000745a00000, 0x0000000745a00000, 0x0000000745b00000|  0%| F|  |TAMS 0x0000000745a00000, 0x0000000745a00000| Untracked 
|  75|0x0000000745b00000, 0x0000000745b00000, 0x0000000745c00000|  0%| F|  |TAMS 0x0000000745b00000, 0x0000000745b00000| Untracked 
|  76|0x0000000745c00000, 0x0000000745c00000, 0x0000000745d00000|  0%| F|  |TAMS 0x0000000745c00000, 0x0000000745c00000| Untracked 
|  77|0x0000000745d00000, 0x0000000745d00000, 0x0000000745e00000|  0%| F|  |TAMS 0x0000000745d00000, 0x0000000745d00000| Untracked 
|  78|0x0000000745e00000, 0x0000000745e00000, 0x0000000745f00000|  0%| F|  |TAMS 0x0000000745e00000, 0x0000000745e00000| Untracked 
|  79|0x0000000745f00000, 0x0000000745f00000, 0x0000000746000000|  0%| F|  |TAMS 0x0000000745f00000, 0x0000000745f00000| Untracked 
|  80|0x0000000746000000, 0x0000000746000000, 0x0000000746100000|  0%| F|  |TAMS 0x0000000746000000, 0x0000000746000000| Untracked 
|  81|0x0000000746100000, 0x0000000746100000, 0x0000000746200000|  0%| F|  |TAMS 0x0000000746100000, 0x0000000746100000| Untracked 
|  82|0x0000000746200000, 0x0000000746200000, 0x0000000746300000|  0%| F|  |TAMS 0x0000000746200000, 0x0000000746200000| Untracked 
|  83|0x0000000746300000, 0x0000000746300000, 0x0000000746400000|  0%| F|  |TAMS 0x0000000746300000, 0x0000000746300000| Untracked 
|  84|0x0000000746400000, 0x0000000746400000, 0x0000000746500000|  0%| F|  |TAMS 0x0000000746400000, 0x0000000746400000| Untracked 
|  85|0x0000000746500000, 0x0000000746500000, 0x0000000746600000|  0%| F|  |TAMS 0x0000000746500000, 0x0000000746500000| Untracked 
|  86|0x0000000746600000, 0x0000000746600000, 0x0000000746700000|  0%| F|  |TAMS 0x0000000746600000, 0x0000000746600000| Untracked 
|  87|0x0000000746700000, 0x0000000746700000, 0x0000000746800000|  0%| F|  |TAMS 0x0000000746700000, 0x0000000746700000| Untracked 
|  88|0x0000000746800000, 0x0000000746800000, 0x0000000746900000|  0%| F|  |TAMS 0x0000000746800000, 0x0000000746800000| Untracked 
|  89|0x0000000746900000, 0x0000000746900000, 0x0000000746a00000|  0%| F|  |TAMS 0x0000000746900000, 0x0000000746900000| Untracked 
|  90|0x0000000746a00000, 0x0000000746a00000, 0x0000000746b00000|  0%| F|  |TAMS 0x0000000746a00000, 0x0000000746a00000| Untracked 
|  91|0x0000000746b00000, 0x0000000746b00000, 0x0000000746c00000|  0%| F|  |TAMS 0x0000000746b00000, 0x0000000746b00000| Untracked 
|  92|0x0000000746c00000, 0x0000000746c00000, 0x0000000746d00000|  0%| F|  |TAMS 0x0000000746c00000, 0x0000000746c00000| Untracked 
|  93|0x0000000746d00000, 0x0000000746d00000, 0x0000000746e00000|  0%| F|  |TAMS 0x0000000746d00000, 0x0000000746d00000| Untracked 
|  94|0x0000000746e00000, 0x0000000746e00000, 0x0000000746f00000|  0%| F|  |TAMS 0x0000000746e00000, 0x0000000746e00000| Untracked 
|  95|0x0000000746f00000, 0x0000000746f00000, 0x0000000747000000|  0%| F|  |TAMS 0x0000000746f00000, 0x0000000746f00000| Untracked 
|  96|0x0000000747000000, 0x0000000747000000, 0x0000000747100000|  0%| F|  |TAMS 0x0000000747000000, 0x0000000747000000| Untracked 
|  97|0x0000000747100000, 0x0000000747100000, 0x0000000747200000|  0%| F|  |TAMS 0x0000000747100000, 0x0000000747100000| Untracked 
|  98|0x0000000747200000, 0x0000000747200000, 0x0000000747300000|  0%| F|  |TAMS 0x0000000747200000, 0x0000000747200000| Untracked 
|  99|0x0000000747300000, 0x0000000747300000, 0x0000000747400000|  0%| F|  |TAMS 0x0000000747300000, 0x0000000747300000| Untracked 
| 100|0x0000000747400000, 0x0000000747400000, 0x0000000747500000|  0%| F|  |TAMS 0x0000000747400000, 0x0000000747400000| Untracked 
| 101|0x0000000747500000, 0x0000000747500000, 0x0000000747600000|  0%| F|  |TAMS 0x0000000747500000, 0x0000000747500000| Untracked 
| 102|0x0000000747600000, 0x0000000747600000, 0x0000000747700000|  0%| F|  |TAMS 0x0000000747600000, 0x0000000747600000| Untracked 
| 103|0x0000000747700000, 0x0000000747700000, 0x0000000747800000|  0%| F|  |TAMS 0x0000000747700000, 0x0000000747700000| Untracked 
| 104|0x0000000747800000, 0x0000000747800000, 0x0000000747900000|  0%| F|  |TAMS 0x0000000747800000, 0x0000000747800000| Untracked 
| 105|0x0000000747900000, 0x0000000747900000, 0x0000000747a00000|  0%| F|  |TAMS 0x0000000747900000, 0x0000000747900000| Untracked 
| 106|0x0000000747a00000, 0x0000000747a00000, 0x0000000747b00000|  0%| F|  |TAMS 0x0000000747a00000, 0x0000000747a00000| Untracked 
| 107|0x0000000747b00000, 0x0000000747b00000, 0x0000000747c00000|  0%| F|  |TAMS 0x0000000747b00000, 0x0000000747b00000| Untracked 
| 108|0x0000000747c00000, 0x0000000747c00000, 0x0000000747d00000|  0%| F|  |TAMS 0x0000000747c00000, 0x0000000747c00000| Untracked 
| 109|0x0000000747d00000, 0x0000000747d00000, 0x0000000747e00000|  0%| F|  |TAMS 0x0000000747d00000, 0x0000000747d00000| Untracked 
| 110|0x0000000747e00000, 0x0000000747e00000, 0x0000000747f00000|  0%| F|  |TAMS 0x0000000747e00000, 0x0000000747e00000| Untracked 
| 111|0x0000000747f00000, 0x0000000747f00000, 0x0000000748000000|  0%| F|  |TAMS 0x0000000747f00000, 0x0000000747f00000| Untracked 
| 112|0x0000000748000000, 0x0000000748000000, 0x0000000748100000|  0%| F|  |TAMS 0x0000000748000000, 0x0000000748000000| Untracked 
| 113|0x0000000748100000, 0x0000000748100000, 0x0000000748200000|  0%| F|  |TAMS 0x0000000748100000, 0x0000000748100000| Untracked 
| 114|0x0000000748200000, 0x0000000748200000, 0x0000000748300000|  0%| F|  |TAMS 0x0000000748200000, 0x0000000748200000| Untracked 
| 115|0x0000000748300000, 0x0000000748300000, 0x0000000748400000|  0%| F|  |TAMS 0x0000000748300000, 0x0000000748300000| Untracked 
| 116|0x0000000748400000, 0x0000000748400000, 0x0000000748500000|  0%| F|  |TAMS 0x0000000748400000, 0x0000000748400000| Untracked 
| 117|0x0000000748500000, 0x0000000748500000, 0x0000000748600000|  0%| F|  |TAMS 0x0000000748500000, 0x0000000748500000| Untracked 
| 118|0x0000000748600000, 0x0000000748600000, 0x0000000748700000|  0%| F|  |TAMS 0x0000000748600000, 0x0000000748600000| Untracked 
| 119|0x0000000748700000, 0x0000000748700000, 0x0000000748800000|  0%| F|  |TAMS 0x0000000748700000, 0x0000000748700000| Untracked 
| 120|0x0000000748800000, 0x0000000748800000, 0x0000000748900000|  0%| F|  |TAMS 0x0000000748800000, 0x0000000748800000| Untracked 
| 121|0x0000000748900000, 0x0000000748900000, 0x0000000748a00000|  0%| F|  |TAMS 0x0000000748900000, 0x0000000748900000| Untracked 
| 122|0x0000000748a00000, 0x0000000748a00000, 0x0000000748b00000|  0%| F|  |TAMS 0x0000000748a00000, 0x0000000748a00000| Untracked 
| 123|0x0000000748b00000, 0x0000000748b00000, 0x0000000748c00000|  0%| F|  |TAMS 0x0000000748b00000, 0x0000000748b00000| Untracked 
| 124|0x0000000748c00000, 0x0000000748c00000, 0x0000000748d00000|  0%| F|  |TAMS 0x0000000748c00000, 0x0000000748c00000| Untracked 
| 125|0x0000000748d00000, 0x0000000748d00000, 0x0000000748e00000|  0%| F|  |TAMS 0x0000000748d00000, 0x0000000748d00000| Untracked 
| 126|0x0000000748e00000, 0x0000000748e00000, 0x0000000748f00000|  0%| F|  |TAMS 0x0000000748e00000, 0x0000000748e00000| Untracked 
| 127|0x0000000748f00000, 0x0000000748f00000, 0x0000000749000000|  0%| F|  |TAMS 0x0000000748f00000, 0x0000000748f00000| Untracked 
| 128|0x0000000749000000, 0x0000000749000000, 0x0000000749100000|  0%| F|  |TAMS 0x0000000749000000, 0x0000000749000000| Untracked 
| 129|0x0000000749100000, 0x0000000749100000, 0x0000000749200000|  0%| F|  |TAMS 0x0000000749100000, 0x0000000749100000| Untracked 
| 130|0x0000000749200000, 0x0000000749200000, 0x0000000749300000|  0%| F|  |TAMS 0x0000000749200000, 0x0000000749200000| Untracked 
| 131|0x0000000749300000, 0x0000000749300000, 0x0000000749400000|  0%| F|  |TAMS 0x0000000749300000, 0x0000000749300000| Untracked 
| 132|0x0000000749400000, 0x0000000749400000, 0x0000000749500000|  0%| F|  |TAMS 0x0000000749400000, 0x0000000749400000| Untracked 
| 133|0x0000000749500000, 0x0000000749500000, 0x0000000749600000|  0%| F|  |TAMS 0x0000000749500000, 0x0000000749500000| Untracked 
| 134|0x0000000749600000, 0x0000000749600000, 0x0000000749700000|  0%| F|  |TAMS 0x0000000749600000, 0x0000000749600000| Untracked 
| 135|0x0000000749700000, 0x0000000749700000, 0x0000000749800000|  0%| F|  |TAMS 0x0000000749700000, 0x0000000749700000| Untracked 
| 136|0x0000000749800000, 0x0000000749800000, 0x0000000749900000|  0%| F|  |TAMS 0x0000000749800000, 0x0000000749800000| Untracked 
| 137|0x0000000749900000, 0x0000000749900000, 0x0000000749a00000|  0%| F|  |TAMS 0x0000000749900000, 0x0000000749900000| Untracked 
| 138|0x0000000749a00000, 0x0000000749a00000, 0x0000000749b00000|  0%| F|  |TAMS 0x0000000749a00000, 0x0000000749a00000| Untracked 
| 139|0x0000000749b00000, 0x0000000749b00000, 0x0000000749c00000|  0%| F|  |TAMS 0x0000000749b00000, 0x0000000749b00000| Untracked 
| 140|0x0000000749c00000, 0x0000000749c00000, 0x0000000749d00000|  0%| F|  |TAMS 0x0000000749c00000, 0x0000000749c00000| Untracked 
| 141|0x0000000749d00000, 0x0000000749d00000, 0x0000000749e00000|  0%| F|  |TAMS 0x0000000749d00000, 0x0000000749d00000| Untracked 
| 142|0x0000000749e00000, 0x0000000749e00000, 0x0000000749f00000|  0%| F|  |TAMS 0x0000000749e00000, 0x0000000749e00000| Untracked 
| 143|0x0000000749f00000, 0x0000000749f00000, 0x000000074a000000|  0%| F|  |TAMS 0x0000000749f00000, 0x0000000749f00000| Untracked 
| 144|0x000000074a000000, 0x000000074a000000, 0x000000074a100000|  0%| F|  |TAMS 0x000000074a000000, 0x000000074a000000| Untracked 
| 145|0x000000074a100000, 0x000000074a100000, 0x000000074a200000|  0%| F|  |TAMS 0x000000074a100000, 0x000000074a100000| Untracked 
| 146|0x000000074a200000, 0x000000074a200000, 0x000000074a300000|  0%| F|  |TAMS 0x000000074a200000, 0x000000074a200000| Untracked 
| 147|0x000000074a300000, 0x000000074a300000, 0x000000074a400000|  0%| F|  |TAMS 0x000000074a300000, 0x000000074a300000| Untracked 
| 148|0x000000074a400000, 0x000000074a400000, 0x000000074a500000|  0%| F|  |TAMS 0x000000074a400000, 0x000000074a400000| Untracked 
| 149|0x000000074a500000, 0x000000074a500000, 0x000000074a600000|  0%| F|  |TAMS 0x000000074a500000, 0x000000074a500000| Untracked 
| 150|0x000000074a600000, 0x000000074a600000, 0x000000074a700000|  0%| F|  |TAMS 0x000000074a600000, 0x000000074a600000| Untracked 
| 151|0x000000074a700000, 0x000000074a700000, 0x000000074a800000|  0%| F|  |TAMS 0x000000074a700000, 0x000000074a700000| Untracked 
| 152|0x000000074a800000, 0x000000074a800000, 0x000000074a900000|  0%| F|  |TAMS 0x000000074a800000, 0x000000074a800000| Untracked 
| 153|0x000000074a900000, 0x000000074a900000, 0x000000074aa00000|  0%| F|  |TAMS 0x000000074a900000, 0x000000074a900000| Untracked 
| 154|0x000000074aa00000, 0x000000074aa00000, 0x000000074ab00000|  0%| F|  |TAMS 0x000000074aa00000, 0x000000074aa00000| Untracked 
| 155|0x000000074ab00000, 0x000000074ab00000, 0x000000074ac00000|  0%| F|  |TAMS 0x000000074ab00000, 0x000000074ab00000| Untracked 
| 156|0x000000074ac00000, 0x000000074ac00000, 0x000000074ad00000|  0%| F|  |TAMS 0x000000074ac00000, 0x000000074ac00000| Untracked 
| 157|0x000000074ad00000, 0x000000074ad00000, 0x000000074ae00000|  0%| F|  |TAMS 0x000000074ad00000, 0x000000074ad00000| Untracked 
| 158|0x000000074ae00000, 0x000000074ae00000, 0x000000074af00000|  0%| F|  |TAMS 0x000000074ae00000, 0x000000074ae00000| Untracked 
| 159|0x000000074af00000, 0x000000074af00000, 0x000000074b000000|  0%| F|  |TAMS 0x000000074af00000, 0x000000074af00000| Untracked 
| 160|0x000000074b000000, 0x000000074b000000, 0x000000074b100000|  0%| F|  |TAMS 0x000000074b000000, 0x000000074b000000| Untracked 
| 161|0x000000074b100000, 0x000000074b100000, 0x000000074b200000|  0%| F|  |TAMS 0x000000074b100000, 0x000000074b100000| Untracked 
| 162|0x000000074b200000, 0x000000074b200000, 0x000000074b300000|  0%| F|  |TAMS 0x000000074b200000, 0x000000074b200000| Untracked 
| 163|0x000000074b300000, 0x000000074b300000, 0x000000074b400000|  0%| F|  |TAMS 0x000000074b300000, 0x000000074b300000| Untracked 
| 164|0x000000074b400000, 0x000000074b400000, 0x000000074b500000|  0%| F|  |TAMS 0x000000074b400000, 0x000000074b400000| Untracked 
| 165|0x000000074b500000, 0x000000074b5d3c98, 0x000000074b600000| 82%| E|  |TAMS 0x000000074b500000, 0x000000074b500000| Complete 
| 166|0x000000074b600000, 0x000000074b700000, 0x000000074b700000|100%| E|CS|TAMS 0x000000074b600000, 0x000000074b600000| Complete 
| 167|0x000000074b700000, 0x000000074b800000, 0x000000074b800000|100%| E|CS|TAMS 0x000000074b700000, 0x000000074b700000| Complete 
| 168|0x000000074b800000, 0x000000074b900000, 0x000000074b900000|100%| E|CS|TAMS 0x000000074b800000, 0x000000074b800000| Complete 
| 169|0x000000074b900000, 0x000000074ba00000, 0x000000074ba00000|100%| E|CS|TAMS 0x000000074b900000, 0x000000074b900000| Complete 
| 170|0x000000074ba00000, 0x000000074bb00000, 0x000000074bb00000|100%| E|CS|TAMS 0x000000074ba00000, 0x000000074ba00000| Complete 
| 171|0x000000074bb00000, 0x000000074bc00000, 0x000000074bc00000|100%| E|CS|TAMS 0x000000074bb00000, 0x000000074bb00000| Complete 
| 172|0x000000074bc00000, 0x000000074bd00000, 0x000000074bd00000|100%| E|CS|TAMS 0x000000074bc00000, 0x000000074bc00000| Complete 
| 173|0x000000074bd00000, 0x000000074be00000, 0x000000074be00000|100%| E|CS|TAMS 0x000000074bd00000, 0x000000074bd00000| Complete 
| 174|0x000000074be00000, 0x000000074bf00000, 0x000000074bf00000|100%| E|CS|TAMS 0x000000074be00000, 0x000000074be00000| Complete 
| 175|0x000000074bf00000, 0x000000074c000000, 0x000000074c000000|100%| E|CS|TAMS 0x000000074bf00000, 0x000000074bf00000| Complete 
| 176|0x000000074c000000, 0x000000074c100000, 0x000000074c100000|100%| E|CS|TAMS 0x000000074c000000, 0x000000074c000000| Complete 
| 177|0x000000074c100000, 0x000000074c200000, 0x000000074c200000|100%| E|CS|TAMS 0x000000074c100000, 0x000000074c100000| Complete 
| 178|0x000000074c200000, 0x000000074c300000, 0x000000074c300000|100%| E|CS|TAMS 0x000000074c200000, 0x000000074c200000| Complete 
| 179|0x000000074c300000, 0x000000074c400000, 0x000000074c400000|100%| E|CS|TAMS 0x000000074c300000, 0x000000074c300000| Complete 
| 180|0x000000074c400000, 0x000000074c4e00c0, 0x000000074c500000| 87%| S|CS|TAMS 0x000000074c400000, 0x000000074c400000| Complete 
| 181|0x000000074c500000, 0x000000074c600000, 0x000000074c600000|100%| E|CS|TAMS 0x000000074c500000, 0x000000074c500000| Complete 
| 182|0x000000074c600000, 0x000000074c700000, 0x000000074c700000|100%| E|CS|TAMS 0x000000074c600000, 0x000000074c600000| Complete 
| 183|0x000000074c700000, 0x000000074c800000, 0x000000074c800000|100%| E|CS|TAMS 0x000000074c700000, 0x000000074c700000| Complete 
| 184|0x000000074c800000, 0x000000074c900000, 0x000000074c900000|100%| E|CS|TAMS 0x000000074c800000, 0x000000074c800000| Complete 
| 185|0x000000074c900000, 0x000000074ca00000, 0x000000074ca00000|100%| E|CS|TAMS 0x000000074c900000, 0x000000074c900000| Complete 
| 186|0x000000074ca00000, 0x000000074cb00000, 0x000000074cb00000|100%| E|CS|TAMS 0x000000074ca00000, 0x000000074ca00000| Complete 
| 187|0x000000074cb00000, 0x000000074cc00000, 0x000000074cc00000|100%| E|CS|TAMS 0x000000074cb00000, 0x000000074cb00000| Complete 
| 188|0x000000074cc00000, 0x000000074cd00000, 0x000000074cd00000|100%| E|CS|TAMS 0x000000074cc00000, 0x000000074cc00000| Complete 
| 189|0x000000074cd00000, 0x000000074ce00000, 0x000000074ce00000|100%| E|CS|TAMS 0x000000074cd00000, 0x000000074cd00000| Complete 
| 190|0x000000074ce00000, 0x000000074cf00000, 0x000000074cf00000|100%| E|CS|TAMS 0x000000074ce00000, 0x000000074ce00000| Complete 
| 191|0x000000074cf00000, 0x000000074d000000, 0x000000074d000000|100%| E|CS|TAMS 0x000000074cf00000, 0x000000074cf00000| Complete 

Card table byte_map: [0x000001ebbfd10000,0x000001ebc0310000] _byte_map_base: 0x000001ebbc308000

Marking Bits (Prev, Next): (CMBitMap*) 0x000001eba7f2d798, (CMBitMap*) 0x000001eba7f2d7d8
 Prev Bits: [0x000001ebc0910000, 0x000001ebc38d0000)
 Next Bits: [0x000001ebc38d0000, 0x000001ebc6890000)

Polling page: 0x000001eba5e10000

Metaspace:

Usage:
  Non-class:     11.46 MB capacity,    10.44 MB ( 91%) used,  1011.42 KB (  9%) free+waste,    35.81 KB ( <1%) overhead. 
      Class:      1.65 MB capacity,     1.46 MB ( 89%) used,   174.37 KB ( 10%) free+waste,    19.38 KB (  1%) overhead. 
       Both:     13.11 MB capacity,    11.90 MB ( 91%) used,     1.16 MB (  9%) free+waste,    55.19 KB ( <1%) overhead. 

Virtual space:
  Non-class space:       12.00 MB reserved,      11.50 MB ( 96%) committed 
      Class space:        1.00 GB reserved,       1.75 MB ( <1%) committed 
             Both:        1.01 GB reserved,      13.25 MB (  1%) committed 

Chunk freelists:
   Non-Class:  43.00 KB
       Class:  4.00 KB
        Both:  47.00 KB

MaxMetaspaceSize: 17179869184.00 GB
CompressedClassSpaceSize: 1.00 GB

CodeHeap 'non-profiled nmethods': size=120000Kb used=534Kb max_used=534Kb free=119466Kb
 bounds [0x000001ebb81e0000, 0x000001ebb8450000, 0x000001ebbf710000]
CodeHeap 'profiled nmethods': size=120000Kb used=2648Kb max_used=2648Kb free=117351Kb
 bounds [0x000001ebb0cb0000, 0x000001ebb0f50000, 0x000001ebb81e0000]
CodeHeap 'non-nmethods': size=5760Kb used=1190Kb max_used=1229Kb free=4569Kb
 bounds [0x000001ebb0710000, 0x000001ebb0980000, 0x000001ebb0cb0000]
 total_blobs=1809 nmethods=1359 adapters=363
 compilation: enabled
              stopped_count=0, restarted_count=0
 full_count=0

Compilation events (20 events):
Event: 1.401 Thread 0x000001ebc95f6800 1456       3       org.springframework.util.ConcurrentReferenceHashMap$ReferenceManager::<init> (21 bytes)
Event: 1.401 Thread 0x000001ebc95f6800 nmethod 1456 0x000001ebb0f3bb10 code [0x000001ebb0f3bce0, 0x000001ebb0f3c1d8]
Event: 1.402 Thread 0x000001ebc95f6800 1457       3       ch.qos.logback.classic.Logger::getChildByName (68 bytes)
Event: 1.403 Thread 0x000001ebc95f6800 nmethod 1457 0x000001ebb0f3c390 code [0x000001ebb0f3c580, 0x000001ebb0f3cb48]
Event: 1.416 Thread 0x000001ebc95f6800 1458       3       java.lang.reflect.Executable::<init> (5 bytes)
Event: 1.416 Thread 0x000001ebc95f6800 nmethod 1458 0x000001ebb0f3cd10 code [0x000001ebb0f3cec0, 0x000001ebb0f3d098]
Event: 1.426 Thread 0x000001ebc95f6800 1459       3       java.util.concurrent.locks.AbstractQueuedSynchronizer::acquire (27 bytes)
Event: 1.427 Thread 0x000001ebc95f6800 nmethod 1459 0x000001ebb0f3d190 code [0x000001ebb0f3d360, 0x000001ebb0f3d778]
Event: 1.427 Thread 0x000001ebc95f6800 1460       3       java.lang.Class::reflectionData (43 bytes)
Event: 1.427 Thread 0x000001ebc95f6800 nmethod 1460 0x000001ebb0f3d890 code [0x000001ebb0f3da60, 0x000001ebb0f3de98]
Event: 1.427 Thread 0x000001ebc95f6800 1461       3       java.util.Collections::emptySet (4 bytes)
Event: 1.427 Thread 0x000001ebc95f6800 nmethod 1461 0x000001ebb0f3e010 code [0x000001ebb0f3e1a0, 0x000001ebb0f3e298]
Event: 1.431 Thread 0x000001ebc95f6800 1462       3       java.lang.invoke.DirectMethodHandle::preparedLambdaForm (248 bytes)
Event: 1.432 Thread 0x000001ebc95f6800 nmethod 1462 0x000001ebb0f3e310 code [0x000001ebb0f3e5c0, 0x000001ebb0f3f098]
Event: 1.432 Thread 0x000001ebc95f6800 1463       1       sun.reflect.generics.repository.AbstractRepository::getFactory (5 bytes)
Event: 1.432 Thread 0x000001ebc95f6800 nmethod 1463 0x000001ebb8265210 code [0x000001ebb82653a0, 0x000001ebb8265478]
Event: 1.433 Thread 0x000001ebc95f6800 1464       3       org.springframework.boot.context.properties.source.ConfigurationPropertyName$Elements::canShortcutWithSource (7 bytes)
Event: 1.434 Thread 0x000001ebc95f6800 nmethod 1464 0x000001ebb0f3f590 code [0x000001ebb0f3f740, 0x000001ebb0f3f8a8]
Event: 1.434 Thread 0x000001ebc95f6800 1465       3       java.util.Collections::emptyIterator (4 bytes)
Event: 1.434 Thread 0x000001ebc95f6800 nmethod 1465 0x000001ebb0f3f990 code [0x000001ebb0f3fb20, 0x000001ebb0f3fc18]

GC Heap History (4 events):
Event: 0.703 GC heap before
{Heap before GC invocations=0 (full 0):
 garbage-first heap   total 196608K, used 14336K [0x0000000741000000, 0x0000000800000000)
  region size 1024K, 14 young (14336K), 0 survivors (0K)
 Metaspace       used 3922K, capacity 6537K, committed 6656K, reserved 1056768K
  class space    used 424K, capacity 676K, committed 768K, reserved 1048576K
}
Event: 0.710 GC heap after
{Heap after GC invocations=1 (full 0):
 garbage-first heap   total 196608K, used 3585K [0x0000000741000000, 0x0000000800000000)
  region size 1024K, 2 young (2048K), 2 survivors (2048K)
 Metaspace       used 3922K, capacity 6537K, committed 6656K, reserved 1056768K
  class space    used 424K, capacity 676K, committed 768K, reserved 1048576K
}
Event: 0.979 GC heap before
{Heap before GC invocations=1 (full 0):
 garbage-first heap   total 196608K, used 14849K [0x0000000741000000, 0x0000000800000000)
  region size 1024K, 13 young (13312K), 2 survivors (2048K)
 Metaspace       used 6592K, capacity 8390K, committed 8704K, reserved 1056768K
  class space    used 758K, capacity 960K, committed 1024K, reserved 1048576K
}
Event: 0.984 GC heap after
{Heap after GC invocations=2 (full 0):
 garbage-first heap   total 196608K, used 4738K [0x0000000741000000, 0x0000000800000000)
  region size 1024K, 1 young (1024K), 1 survivors (1024K)
 Metaspace       used 6592K, capacity 8390K, committed 8704K, reserved 1056768K
  class space    used 758K, capacity 960K, committed 1024K, reserved 1048576K
}

Deoptimization events (20 events):
Event: 0.996 Thread 0x000001eba7ed6000 DEOPT PACKING pc=0x000001ebb8223c18 sp=0x0000006e686fdb60
Event: 0.996 Thread 0x000001eba7ed6000 DEOPT UNPACKING pc=0x000001ebb075912f sp=0x0000006e686fdb00 mode 2
Event: 1.057 Thread 0x000001ebc9f97000 Uncommon trap: trap_request=0xffffffc6 fr.pc=0x000001ebb8223c18 relative=0x00000000000005b8
Event: 1.057 Thread 0x000001ebc9f97000 Uncommon trap: reason=bimorphic_or_optimized_type_check action=maybe_recompile pc=0x000001ebb8223c18 method=java.util.concurrent.ConcurrentHashMap.get(Ljava/lang/Object;)Ljava/lang/Object; @ 149 c2
Event: 1.057 Thread 0x000001ebc9f97000 DEOPT PACKING pc=0x000001ebb8223c18 sp=0x0000006e698fd1c0
Event: 1.057 Thread 0x000001ebc9f97000 DEOPT UNPACKING pc=0x000001ebb075912f sp=0x0000006e698fd160 mode 2
Event: 1.057 Thread 0x000001ebc9f97000 Uncommon trap: trap_request=0xffffffc6 fr.pc=0x000001ebb8223c18 relative=0x00000000000005b8
Event: 1.057 Thread 0x000001ebc9f97000 Uncommon trap: reason=bimorphic_or_optimized_type_check action=maybe_recompile pc=0x000001ebb8223c18 method=java.util.concurrent.ConcurrentHashMap.get(Ljava/lang/Object;)Ljava/lang/Object; @ 149 c2
Event: 1.057 Thread 0x000001ebc9f97000 DEOPT PACKING pc=0x000001ebb8223c18 sp=0x0000006e698fd1c0
Event: 1.057 Thread 0x000001ebc9f97000 DEOPT UNPACKING pc=0x000001ebb075912f sp=0x0000006e698fd160 mode 2
Event: 1.057 Thread 0x000001ebc9f97000 Uncommon trap: trap_request=0xffffffc6 fr.pc=0x000001ebb8223c18 relative=0x00000000000005b8
Event: 1.057 Thread 0x000001ebc9f97000 Uncommon trap: reason=bimorphic_or_optimized_type_check action=maybe_recompile pc=0x000001ebb8223c18 method=java.util.concurrent.ConcurrentHashMap.get(Ljava/lang/Object;)Ljava/lang/Object; @ 149 c2
Event: 1.057 Thread 0x000001ebc9f97000 DEOPT PACKING pc=0x000001ebb8223c18 sp=0x0000006e698fd1c0
Event: 1.057 Thread 0x000001ebc9f97000 DEOPT UNPACKING pc=0x000001ebb075912f sp=0x0000006e698fd160 mode 2
Event: 1.085 Thread 0x000001eba7ed6000 Uncommon trap: trap_request=0xffffff45 fr.pc=0x000001ebb8248624 relative=0x00000000000012c4
Event: 1.085 Thread 0x000001eba7ed6000 Uncommon trap: reason=unstable_if action=reinterpret pc=0x000001ebb8248624 method=java.util.concurrent.ConcurrentHashMap.addCount(JI)V @ 171 c2
Event: 1.085 Thread 0x000001eba7ed6000 DEOPT PACKING pc=0x000001ebb8248624 sp=0x0000006e686fe260
Event: 1.085 Thread 0x000001eba7ed6000 DEOPT UNPACKING pc=0x000001ebb075912f sp=0x0000006e686fe140 mode 2
Event: 1.271 Thread 0x000001ebc9f97000 DEOPT PACKING pc=0x000001ebb0cfe5e2 sp=0x0000006e698fdab0
Event: 1.271 Thread 0x000001ebc9f97000 DEOPT UNPACKING pc=0x000001ebb075964e sp=0x0000006e698fcf40 mode 0

Classes unloaded (0 events):
No events

Classes redefined (0 events):
No events

Internal exceptions (20 events):
Event: 0.930 Thread 0x000001ebc9f97000 Exception <a 'java/lang/NoSuchMethodError'{0x000000074c8850c8}: 'java.lang.Object java.lang.invoke.DirectMethodHandle$Holder.invokeStaticInit(java.lang.Object, java.lang.Object, java.lang.Object, java.lang.Object, java.lang.Object)'> (0x000000074c8850c8) 
thrown [./src/hotspot/share/interpreter/linkResolver.cpp, line 767]
Event: 0.959 Thread 0x000001ebc9f97000 Exception <a 'java/lang/NoSuchMethodError'{0x000000074c795680}: 'void java.lang.invoke.DirectMethodHandle$Holder.invokeStatic(java.lang.Object, java.lang.Object, java.lang.Object, java.lang.Object, java.lang.Object)'> (0x000000074c795680) 
thrown [./src/hotspot/share/interpreter/linkResolver.cpp, line 767]
Event: 0.978 Thread 0x000001eba7ed6000 Exception <a 'java/lang/NoSuchMethodError'{0x000000074c535108}: 'java.lang.Object java.lang.invoke.DirectMethodHandle$Holder.invokeSpecial(java.lang.Object, java.lang.Object, java.lang.Object, java.lang.Object, java.lang.Object, java.lang.Object, int)'> (0x000000074c535108) 
thrown [./src/hotspot/share/interpreter/linkResolver.cpp, line 767]
Event: 0.985 Thread 0x000001eba7ed6000 Exception <a 'java/lang/NoSuchMethodError'{0x000000074cf081a8}: 'java.lang.Object java.lang.invoke.DirectMethodHandle$Holder.invokeStatic(java.lang.Object, java.lang.Object, java.lang.Object, java.lang.Object, java.lang.Object, java.lang.Object, int)'> (0x000000074cf081a8) 
thrown [./src/hotspot/share/interpreter/linkResolver.cpp, line 767]
Event: 0.985 Thread 0x000001eba7ed6000 Exception <a 'java/lang/NoSuchMethodError'{0x000000074cf0b970}: 'java.lang.Object java.lang.invoke.DirectMethodHandle$Holder.invokeSpecial(java.lang.Object, java.lang.Object, java.lang.Object, java.lang.Object, java.lang.Object, java.lang.Object, java.lang.Object, int)'> (0x000000074cf0b970) 
thrown [./src/hotspot/share/interpreter/linkResolver.cpp, line 767]
Event: 1.003 Thread 0x000001eba7ed6000 Exception <a 'java/lang/NoSuchMethodError'{0x000000074cf55f30}: 'java.lang.Object java.lang.invoke.DirectMethodHandle$Holder.invokeStatic(java.lang.Object, java.lang.Object, int, java.lang.Object)'> (0x000000074cf55f30) 
thrown [./src/hotspot/share/interpreter/linkResolver.cpp, line 767]
Event: 1.004 Thread 0x000001eba7ed6000 Exception <a 'java/lang/NoSuchMethodError'{0x000000074cf5c1f8}: 'java.lang.Object java.lang.invoke.Invokers$Holder.linkToTargetMethod(java.lang.Object, int, java.lang.Object, java.lang.Object)'> (0x000000074cf5c1f8) 
thrown [./src/hotspot/share/interpreter/linkResolver.cpp, line 767]
Event: 1.009 Thread 0x000001eba7ed6000 Exception <a 'java/lang/NoSuchMethodError'{0x000000074cd02680}: 'java.lang.Object java.lang.invoke.Invokers$Holder.linkToTargetMethod(java.lang.Object, java.lang.Object, java.lang.Object, java.lang.Object, java.lang.Object, java.lang.Object)'> (0x000000074cd02680) 
thrown [./src/hotspot/share/interpreter/linkResolver.cpp, line 767]
Event: 1.014 Thread 0x000001eba7ed6000 Exception <a 'java/lang/NoSuchMethodError'{0x000000074cd1bea8}: 'int java.lang.invoke.DirectMethodHandle$Holder.invokeVirtual(java.lang.Object, java.lang.Object)'> (0x000000074cd1bea8) 
thrown [./src/hotspot/share/interpreter/linkResolver.cpp, line 767]
Event: 1.032 Thread 0x000001eba7ed6000 Exception <a 'java/lang/NoSuchMethodError'{0x000000074cdcb710}: 'void java.lang.invoke.DirectMethodHandle$Holder.invokeStatic(java.lang.Object, java.lang.Object, java.lang.Object, java.lang.Object)'> (0x000000074cdcb710) 
thrown [./src/hotspot/share/interpreter/linkResolver.cpp, line 767]
Event: 1.091 Thread 0x000001eba7ed6000 Exception <a 'java/lang/NoSuchMethodError'{0x000000074ca7be00}: 'void java.lang.invoke.DirectMethodHandle$Holder.invokeStaticInit(java.lang.Object, java.lang.Object)'> (0x000000074ca7be00) 
thrown [./src/hotspot/share/interpreter/linkResolver.cpp, line 767]
Event: 1.117 Thread 0x000001eba7ed6000 Exception <a 'java/lang/NoSuchMethodError'{0x000000074c890380}: 'void java.lang.invoke.DirectMethodHandle$Holder.invokeStatic(java.lang.Object, java.lang.Object, java.lang.Object, java.lang.Object, java.lang.Object, java.lang.Object)'> (0x000000074c890380) 
thrown [./src/hotspot/share/interpreter/linkResolver.cpp, line 767]
Event: 1.320 Thread 0x000001eba7ed6000 Exception <a 'java/lang/NoSuchMethodError'{0x000000074bb217f0}: 'int java.lang.invoke.DirectMethodHandle$Holder.invokeSpecialIFC(java.lang.Object, java.lang.Object, int)'> (0x000000074bb217f0) 
thrown [./src/hotspot/share/interpreter/linkResolver.cpp, line 767]
Event: 1.332 Thread 0x000001ebc9f97000 Exception <a 'java/lang/NoSuchMethodError'{0x000000074bb984d0}: 'long java.lang.invoke.DirectMethodHandle$Holder.invokeStatic(java.lang.Object, java.lang.Object)'> (0x000000074bb984d0) 
thrown [./src/hotspot/share/interpreter/linkResolver.cpp, line 767]
Event: 1.333 Thread 0x000001ebc9f97000 Exception <a 'java/lang/NoSuchMethodError'{0x000000074bb9b1d8}: 'long java.lang.invoke.DirectMethodHandle$Holder.invokeStaticInit(java.lang.Object, java.lang.Object)'> (0x000000074bb9b1d8) 
thrown [./src/hotspot/share/interpreter/linkResolver.cpp, line 767]
Event: 1.336 Thread 0x000001ebc9f97000 Exception <a 'java/lang/NoSuchMethodError'{0x000000074bba6bd8}: 'long java.lang.invoke.DirectMethodHandle$Holder.invokeInterface(java.lang.Object, java.lang.Object)'> (0x000000074bba6bd8) 
thrown [./src/hotspot/share/interpreter/linkResolver.cpp, line 767]
Event: 1.336 Thread 0x000001ebc9f97000 Exception <a 'java/lang/IncompatibleClassChangeError'{0x000000074bba9700}: Found class java.lang.Object, but interface was expected> (0x000000074bba9700) 
thrown [./src/hotspot/share/interpreter/linkResolver.cpp, line 833]
Event: 1.358 Thread 0x000001ebc9f97000 Exception <a 'java/lang/NoSuchMethodError'{0x000000074bade570}: 'java.lang.Object java.lang.invoke.DirectMethodHandle$Holder.invokeVirtual(java.lang.Object, java.lang.Object, java.lang.Object, java.lang.Object)'> (0x000000074bade570) 
thrown [./src/hotspot/share/interpreter/linkResolver.cpp, line 767]
Event: 1.408 Thread 0x000001eba7ed6000 Exception <a 'java/lang/NoClassDefFoundError'{0x000000074b745128}: org/springframework/jdbc/CannotGetJdbcConnectionException> (0x000000074b745128) 
thrown [./src/hotspot/share/classfile/systemDictionary.cpp, line 221]
Event: 1.424 Thread 0x000001eba7ed6000 Exception <a 'java/lang/NoClassDefFoundError'{0x000000074b7e0328}: javax/validation/ValidationException> (0x000000074b7e0328) 
thrown [./src/hotspot/share/classfile/systemDictionary.cpp, line 221]

Events (20 events):
Event: 1.431 loading class org/springframework/boot/autoconfigure/SharedMetadataReaderFactoryContextInitializer$CachingMetadataReaderFactoryPostProcessor
Event: 1.431 loading class org/springframework/boot/autoconfigure/SharedMetadataReaderFactoryContextInitializer$CachingMetadataReaderFactoryPostProcessor done
Event: 1.433 loading class org/springframework/boot/context/ContextIdApplicationContextInitializer$ContextId
Event: 1.433 loading class org/springframework/boot/context/ContextIdApplicationContextInitializer$ContextId done
Event: 1.434 loading class org/springframework/boot/autoconfigure/logging/ConditionEvaluationReportLoggingListener$ConditionEvaluationReportListener
Event: 1.434 loading class org/springframework/boot/autoconfigure/logging/ConditionEvaluationReportLoggingListener$ConditionEvaluationReportListener done
Event: 1.434 loading class org/springframework/beans/factory/BeanFactoryUtils
Event: 1.434 loading class org/springframework/beans/factory/BeanFactoryUtils done
Event: 1.436 loading class org/springframework/beans/factory/FactoryBean
Event: 1.436 loading class org/springframework/beans/factory/FactoryBean done
Event: 1.436 loading class org/springframework/boot/context/ConfigurationWarningsApplicationContextInitializer$ConfigurationWarningsPostProcessor
Event: 1.436 loading class org/springframework/boot/context/ConfigurationWarningsApplicationContextInitializer$ConfigurationWarningsPostProcessor done
Event: 1.437 loading class org/springframework/boot/context/ConfigurationWarningsApplicationContextInitializer$Check
Event: 1.437 loading class org/springframework/boot/context/ConfigurationWarningsApplicationContextInitializer$Check done
Event: 1.437 loading class org/springframework/boot/context/ConfigurationWarningsApplicationContextInitializer$ComponentScanPackageCheck
Event: 1.437 loading class org/springframework/boot/context/ConfigurationWarningsApplicationContextInitializer$ComponentScanPackageCheck done
Event: 1.438 loading class org/springframework/boot/rsocket/context/RSocketPortInfoApplicationContextInitializer$Listener
Event: 1.438 loading class org/springframework/boot/rsocket/context/RSocketPortInfoApplicationContextInitializer$Listener done
Event: 1.438 loading class org/springframework/boot/web/context/WebServerInitializedEvent
Event: 1.438 loading class org/springframework/boot/web/context/WebServerInitializedEvent done


Dynamic libraries:
0x00007ff634c80000 - 0x00007ff634c8d000 	C:\Users\R3Y\.jdks\azul-13.0.13\bin\java.exe
0x00007ffd283e0000 - 0x00007ffd285e9000 	C:\WINDOWS\SYSTEM32\ntdll.dll
0x00007ffd271e0000 - 0x00007ffd2729e000 	C:\WINDOWS\System32\KERNEL32.DLL
0x00007ffd25a50000 - 0x00007ffd25dcb000 	C:\WINDOWS\System32\KERNELBASE.dll
0x00007ffd258b0000 - 0x00007ffd259c1000 	C:\WINDOWS\System32\ucrtbase.dll
0x00007ffd21360000 - 0x00007ffd21377000 	C:\Users\R3Y\.jdks\azul-13.0.13\bin\jli.dll
0x00007ffd212c0000 - 0x00007ffd212d5000 	C:\Users\R3Y\.jdks\azul-13.0.13\bin\VCRUNTIME140.dll
0x00007ffd27c30000 - 0x00007ffd27ddd000 	C:\WINDOWS\System32\USER32.dll
0x00007ffd0fef0000 - 0x00007ffd10195000 	C:\WINDOWS\WinSxS\amd64_microsoft.windows.common-controls_6595b64144ccf1df_6.0.22000.120_none_9d947278b86cc467\COMCTL32.dll
0x00007ffd26190000 - 0x00007ffd261b6000 	C:\WINDOWS\System32\win32u.dll
0x00007ffd273a0000 - 0x00007ffd27443000 	C:\WINDOWS\System32\msvcrt.dll
0x00007ffd26d70000 - 0x00007ffd26d99000 	C:\WINDOWS\System32\GDI32.dll
0x00007ffd26000000 - 0x00007ffd26118000 	C:\WINDOWS\System32\gdi32full.dll
0x00007ffd261c0000 - 0x00007ffd2625d000 	C:\WINDOWS\System32\msvcp_win.dll
0x00007ffd27550000 - 0x00007ffd27582000 	C:\WINDOWS\System32\IMM32.DLL
0x00007ffd19260000 - 0x00007ffd192fb000 	C:\Users\R3Y\.jdks\azul-13.0.13\bin\msvcp140.dll
0x00007ffce8620000 - 0x00007ffce9218000 	C:\Users\R3Y\.jdks\azul-13.0.13\bin\server\jvm.dll
0x00007ffd277f0000 - 0x00007ffd2789e000 	C:\WINDOWS\System32\ADVAPI32.dll
0x00007ffd26b90000 - 0x00007ffd26c2e000 	C:\WINDOWS\System32\sechost.dll
0x00007ffd278a0000 - 0x00007ffd279c0000 	C:\WINDOWS\System32\RPCRT4.dll
0x00007ffd26b80000 - 0x00007ffd26b88000 	C:\WINDOWS\System32\PSAPI.DLL
0x00007ffd16770000 - 0x00007ffd16779000 	C:\WINDOWS\SYSTEM32\WSOCK32.dll
0x00007ffd1ef70000 - 0x00007ffd1efa3000 	C:\WINDOWS\SYSTEM32\WINMM.dll
0x00007ffd26a20000 - 0x00007ffd26a8f000 	C:\WINDOWS\System32\WS2_32.dll
0x00007ffd1ab00000 - 0x00007ffd1ab0a000 	C:\WINDOWS\SYSTEM32\VERSION.dll
0x00007ffd24930000 - 0x00007ffd24948000 	C:\WINDOWS\SYSTEM32\kernel.appcore.dll
0x00007ffd22270000 - 0x00007ffd22280000 	C:\Users\R3Y\.jdks\azul-13.0.13\bin\verify.dll
0x00007ffd23460000 - 0x00007ffd23681000 	C:\WINDOWS\SYSTEM32\DBGHELP.DLL
0x00007ffd15090000 - 0x00007ffd150c1000 	C:\WINDOWS\SYSTEM32\dbgcore.DLL
0x00007ffd259d0000 - 0x00007ffd25a4f000 	C:\WINDOWS\System32\bcryptPrimitives.dll
0x00007ffd193d0000 - 0x00007ffd193f6000 	C:\Users\R3Y\.jdks\azul-13.0.13\bin\java.dll
0x00007ffd21c50000 - 0x00007ffd21c5a000 	C:\Users\R3Y\.jdks\azul-13.0.13\bin\jimage.dll
0x00007ffd194c0000 - 0x00007ffd194d7000 	C:\Users\R3Y\.jdks\azul-13.0.13\bin\zip.dll
0x00007ffd26260000 - 0x00007ffd26a18000 	C:\WINDOWS\System32\SHELL32.dll
0x00007ffd239a0000 - 0x00007ffd24205000 	C:\WINDOWS\SYSTEM32\windows.storage.dll
0x00007ffd26da0000 - 0x00007ffd27118000 	C:\WINDOWS\System32\combase.dll
0x00007ffd23830000 - 0x00007ffd23996000 	C:\WINDOWS\SYSTEM32\wintypes.dll
0x00007ffd26a90000 - 0x00007ffd26b7a000 	C:\WINDOWS\System32\SHCORE.dll
0x00007ffd28340000 - 0x00007ffd2839d000 	C:\WINDOWS\System32\shlwapi.dll
0x00007ffd257e0000 - 0x00007ffd25801000 	C:\WINDOWS\SYSTEM32\profapi.dll
0x00007ffd19430000 - 0x00007ffd19449000 	C:\Users\R3Y\.jdks\azul-13.0.13\bin\net.dll
0x00007ffd1d4a0000 - 0x00007ffd1d5b4000 	C:\WINDOWS\SYSTEM32\WINHTTP.dll
0x00007ffd24dd0000 - 0x00007ffd24e37000 	C:\WINDOWS\system32\mswsock.dll
0x00007ffd14250000 - 0x00007ffd14262000 	C:\Users\R3Y\.jdks\azul-13.0.13\bin\nio.dll
0x00007ffd21280000 - 0x00007ffd21289000 	C:\Users\R3Y\.jdks\azul-13.0.13\bin\management.dll
0x00007ffd1a240000 - 0x00007ffd1a24b000 	C:\Users\R3Y\.jdks\azul-13.0.13\bin\management_ext.dll
0x00007ffcf7220000 - 0x00007ffcf7237000 	C:\WINDOWS\system32\napinsp.dll
0x00007ffcf7200000 - 0x00007ffcf721b000 	C:\WINDOWS\system32\pnrpnsp.dll
0x00007ffd24490000 - 0x00007ffd24578000 	C:\WINDOWS\SYSTEM32\DNSAPI.dll
0x00007ffd24460000 - 0x00007ffd2448d000 	C:\WINDOWS\SYSTEM32\IPHLPAPI.DLL
0x00007ffd272a0000 - 0x00007ffd272a9000 	C:\WINDOWS\System32\NSI.dll
0x00007ffcf71e0000 - 0x00007ffcf71f2000 	C:\WINDOWS\System32\winrnr.dll
0x00007ffcf89d0000 - 0x00007ffcf89e5000 	C:\WINDOWS\system32\wshbth.dll
0x00007ffcf71c0000 - 0x00007ffcf71df000 	C:\WINDOWS\system32\nlansp_c.dll
0x00007ffd1ab10000 - 0x00007ffd1ab1a000 	C:\Windows\System32\rasadhlp.dll
0x00007ffd1b310000 - 0x00007ffd1b391000 	C:\WINDOWS\System32\fwpuclnt.dll

dbghelp: loaded successfully - version: 4.0.5 - missing functions: none
symbol engine: initialized successfully - sym options: 0x614 - pdb path: .;C:\Users\R3Y\.jdks\azul-13.0.13\bin;C:\WINDOWS\SYSTEM32;C:\WINDOWS\WinSxS\amd64_microsoft.windows.common-controls_6595b64144ccf1df_6.0.22000.120_none_9d947278b86cc467;C:\Users\R3Y\.jdks\azul-13.0.13\bin\server

VM Arguments:
jvm_args: -Dfile.encoding=windows-1252 -Duser.country=CU -Duser.language=es -Duser.variant 
java_command: com.platzi.market.PlatziMarketApplication
java_class_path (initial): C:\Users\R3Y\Desktop\platzi_market-clase-7-hola-mundo-con-spring-boot\build\classes\java\main;C:\Users\R3Y\Desktop\platzi_market-clase-7-hola-mundo-con-spring-boot\build\resources\main;C:\Users\R3Y\.gradle\caches\modules-2\files-2.1\org.springframework.boot\spring-boot-starter-json\2.3.1.RELEASE\8342003919c7e5a2470072595ea190cb8a9552c0\spring-boot-starter-json-2.3.1.RELEASE.jar;C:\Users\R3Y\.gradle\caches\modules-2\files-2.1\org.springframework.boot\spring-boot-starter\2.3.1.RELEASE\e0d28696fea064578cb01da346232284f922eba4\spring-boot-starter-2.3.1.RELEASE.jar;C:\Users\R3Y\.gradle\caches\modules-2\files-2.1\org.springframework.boot\spring-boot-starter-tomcat\2.3.1.RELEASE\5b599d0da04e724479c22daa47f9bfd62533a2e9\spring-boot-starter-tomcat-2.3.1.RELEASE.jar;C:\Users\R3Y\.gradle\caches\modules-2\files-2.1\org.springframework.boot\spring-boot-autoconfigure\2.3.1.RELEASE\6d679d6ba26235a0e81ca1d58f9c1024d9427411\spring-boot-autoconfigure-2.3.1.RELEASE.jar;C:\Users\R3Y\.gradle\caches\modules-2\files-2.1\org.springframework.boot\spring-boot\2.3.1.RELEASE\ce8d8b6838ecceb68962b975b18682f4237ccf71\spring-boot-2.3.1.RELEASE.jar;C:\Users\R3Y\.gradle\caches\modules-2\files-2.1\org.springframework.boot\spring-boot-starter-logging\2.3.1.RELEASE\3f242a91ffddf7485fde1367e1354c7e13024c8\spring-boot-starter-logging-2.3.1.RELEASE.jar;C:\Users\R3Y\.gradle\caches\modules-2\files-2.1\org.springframework.boot\spring-boot-starter-web\2.3.1.RELEASE\555c4f90141cdbc7637145e413bca0d622ba6796\spring-boot-starter-web-2.3.1.RELEASE.jar;C:\Users\R3Y\.gradle\caches\modules-2\files-2.1\org.springframework\spring-webmvc\5.2.7.RELEASE\dcd97bcb0a2aa33f272b0031e4771134e327d942\spring-webmvc-5.2.7.RELEASE.jar;C:\Users\R3Y\.gradle\caches\modules-2\files-2.1\org.springframework\spring-web\5.2.7.RELEASE\50a27c77e1731f3b7af5c2ae7caf6fe59bcc309\spring-web-5.2.7.RELEASE.jar;C:\Users\R3Y\.gradle\caches\modules-2\files-2.1\com.fasterxml.jackson.datatype\jackson-datatype-jsr310\2.11.0\
Launcher Type: SUN_STANDARD

[Global flags]
     intx CICompilerCount                          = 3                                         {product} {ergonomic}
     uint ConcGCThreads                            = 1                                         {product} {ergonomic}
     uint G1ConcRefinementThreads                  = 4                                         {product} {ergonomic}
   size_t G1HeapRegionSize                         = 1048576                                   {product} {ergonomic}
    uintx GCDrainStackTargetSize                   = 64                                        {product} {ergonomic}
   size_t InitialHeapSize                          = 201326592                                 {product} {ergonomic}
   size_t MarkStackSize                            = 4194304                                   {product} {ergonomic}
   size_t MaxHeapSize                              = 3204448256                                {product} {ergonomic}
   size_t MaxNewSize                               = 1922039808                                {product} {ergonomic}
   size_t MinHeapDeltaBytes                        = 1048576                                   {product} {ergonomic}
   size_t MinHeapSize                              = 8388608                                   {product} {ergonomic}
    uintx NonNMethodCodeHeapSize                   = 5832780                                {pd product} {ergonomic}
    uintx NonProfiledCodeHeapSize                  = 122912730                              {pd product} {ergonomic}
    uintx ProfiledCodeHeapSize                     = 122912730                              {pd product} {ergonomic}
    uintx ReservedCodeCacheSize                    = 251658240                              {pd product} {ergonomic}
     bool SegmentedCodeCache                       = true                                      {product} {ergonomic}
   size_t SoftMaxHeapSize                          = 3204448256                             {manageable} {ergonomic}
     bool UseCompressedClassPointers               = true                                 {lp64_product} {ergonomic}
     bool UseCompressedOops                        = true                                 {lp64_product} {ergonomic}
     bool UseG1GC                                  = true                                      {product} {ergonomic}
     bool UseLargePagesIndividualAllocation        = false                                  {pd product} {ergonomic}

Logging:
Log output configuration:
 #0: stdout all=warning uptime,level,tags
 #1: stderr all=off uptime,level,tags

Environment Variables:
JAVA_HOME=C:\Users\R3Y\AppData\Local\Programs\Eclipse Adoptium\jdk-17.0.4.101-hotspot\
PATH=C:\Program Files\Common Files\Siemens\Automation\Simatic OAM\bin;C:\WINDOWS\system32;C:\WINDOWS;C:\WINDOWS\System32\Wbem;C:\WINDOWS\System32\WindowsPowerShell\v1.0\;C:\WINDOWS\System32\OpenSSH\;C:\Program Files\npm;C:\Program Files\nodejs\;C:\Program Files (x86)\Common Files\Siemens\;C:\Program Files (x86)\Common Files\Siemens\Interfaces;C:\Program Files (x86)\Common Files\Siemens\ACE\Interfaces;C:\Program Files\Git\cmd;C:\Program Files\swift\icu-69.1\usr\bin;C:\Program Files\swift\runtime-development\usr\bin;C:\Library\Developer\Toolchains\unknown-Asserts-development.xctoolchain\usr\bin;C:\maven\bin;C:\Program Files\Java\jdk-17.0.5\bin;C:\Program Files\PowerShell\7\;C:\Program Files\Microsoft VS Code\bin;C:\Users\R3Y\AppData\Local\Programs\Eclipse Adoptium\jdk-17.0.4.101-hotspot\bin;C:\Users\R3Y\AppData\Local\Microsoft\WindowsApps;C:\Program Files\JetBrains\PyCharm Community Edition 2022.1.2\bin;;C:\Users\R3Y\AppData\Roaming\npm;C:\Program Files (x86)\Amazon\AWSCLI\bin\aws.exe;C:\Users\R3Y\AppData\Roaming\TinyTeX\bin\win32;C:\Users\R3Y\AppData\Local\GitHubDesktop\bin;C:\Users\R3Y\AppData\Local\pip;C:\Program Files\heroku\bin;C:\sonarqube-9.7.0.61563\bin\windows-x86-64\StartSonar.bat
USERNAME=R3Y
OS=Windows_NT
PROCESSOR_IDENTIFIER=Intel64 Family 6 Model 69 Stepping 1, GenuineIntel



---------------  S Y S T E M  ---------------

OS: Windows 11 , 64 bit Build 22000 (10.0.22000.1219)
OS uptime: 1 days 9:51 hours

CPU:total 4 (initial active 4) (2 cores per cpu, 2 threads per core) family 6 model 69 stepping 1, cmov, cx8, fxsr, mmx, sse, sse2, sse3, ssse3, sse4.1, sse4.2, popcnt, avx, avx2, aes, clmul, erms, lzcnt, ht, tsc, tscinvbit, bmi1, bmi2, fma

Memory: 4k page, system-wide physical 12216M (1335M free)
TotalPageFile size 12216M (AvailPageFile size 5M)
current process WorkingSet (physical memory assigned to process): 105M, peak: 105M
current process commit charge ("private bytes"): 305M, peak: 305M

vm_info: OpenJDK 64-Bit Server VM (13.0.13+5-MTS) for windows-amd64 JRE (13.0.13+5-MTS) (Zulu13.52+15-CA), built on Oct  9 2022 10:53:20 by "zulu_re" with MS VC++ 15.9 (VS2017)

END.
